{"logTime": "0325/210407", "correlationVector":"2ZtHNm9BCUTkQW27DITRqb.7","action":"ProcessGetUpdates", "result":"Done", "context":{"dataType":"History", "deleted":"0", "process_failed_to_decrypt":"0", "process_pending_decryption":"0", "process_success":"232", "total":"232"}}
{"logTime": "0325/210407", "correlationVector":"2ZtHNm9BCUTkQW27DITRqb.8","action":"GetUpdates Response", "result":"Success", "context":Received 265 update(s). cV=2ZtHNm9BCUTkQW27DITRqb.0;server=akswtt11300000w;cloudType=Consumer;environment=Prod_francecentral_prod-s01-062-eur-francecentral;migrationStage=NotStarted Some updates remain.}
{"logTime": "0325/210407", "correlationVector":"sbzLJBLr3DxKhynJpNhbLX","action":"Normal GetUpdate request", "result":"", "context":cV=sbzLJBLr3DxKhynJpNhbLX
Nudged types: Sessions, Device Info, History
Refresh requested types: Bookmarks, Preferences, Passwords, Autofill Profiles, Autofill, Extensions, Sessions, Extension settings, History Delete Directives, Device Info, User Consents, Send Tab To Self, Web Apps, History, Saved Tab Group, WebAuthn Credentials, Collection, Edge E Drop, Edge Hub App Usage, Edge Wallet, Edge Workspace, Encryption Keys}
{"logTime": "0325/210407", "correlationVector":"sbzLJBLr3DxKhynJpNhbLX.1","action":"SyncServerConnectionManagerRequest", "result":"SYNC_SERVER_OK", "context":{"environment":"Prod_francecentral_prod-s01-062-eur-francecentral", "migrationStage":"NotStarted", "server":"akswtt11300000g"}}
{"logTime": "0325/210407", "correlationVector":"sbzLJBLr3DxKhynJpNhbLX.2","action":"GetUpdates Response", "result":"Success", "context":Received 0 update(s). cV=sbzLJBLr3DxKhynJpNhbLX.0;server=akswtt11300000g;cloudType=Consumer;environment=Prod_francecentral_prod-s01-062-eur-francecentral;migrationStage=NotStarted}
{"logTime": "0325/210407", "correlationVector":"+WZS1c5Sd7ECQXVf1hQ24Z","action":"Poll GetUpdate request", "result":"", "context":cV=+WZS1c5Sd7ECQXVf1hQ24Z}
{"logTime": "0325/210407", "correlationVector":"+WZS1c5Sd7ECQXVf1hQ24Z.1","action":"SyncServerConnectionManagerRequest", "result":"SYNC_SERVER_OK", "context":{"environment":"Prod_francecentral_prod-s01-062-eur-francecentral", "migrationStage":"NotStarted", "server":"akswtt113000000"}}
{"logTime": "0325/210407", "correlationVector":"+WZS1c5Sd7ECQXVf1hQ24Z.2","action":"GetUpdates Response", "result":"Success", "context":Received 0 update(s). cV=+WZS1c5Sd7ECQXVf1hQ24Z.0;server=akswtt113000000;cloudType=Consumer;environment=Prod_francecentral_prod-s01-062-eur-francecentral;migrationStage=NotStarted}
{"logTime": "0325/210413", "correlationVector":"1HbRcjiksJikpspNU0gkdY","action":"Commit Request", "result":"", "context":Item count: 18
Contributing types: Preferences, Passwords, Sessions, History}
{"logTime": "0325/210414", "correlationVector":"1HbRcjiksJikpspNU0gkdY.1","action":"SyncServerConnectionManagerRequest", "result":"SYNC_SERVER_OK", "context":{"environment":"Prod_francecentral_prod-s01-062-eur-francecentral", "migrationStage":"NotStarted", "server":"akswtt113000004"}}
{"logTime": "0325/210414", "correlationVector":"1HbRcjiksJikpspNU0gkdY.2","action":"Commit Response", "result":"Success", "context":Result: Success. cV=1HbRcjiksJikpspNU0gkdY.0;server=akswtt113000004;cloudType=Consumer;environment=Prod_francecentral_prod-s01-062-eur-francecentral;migrationStage=NotStarted}
{"logTime": "0325/210522", "correlationVector":"O4WnTN9hkswyn+EvzCA/r7","action":"Commit Request", "result":"", "context":Item count: 2
Contributing types: Sessions, History}
{"logTime": "0325/210522", "correlationVector":"O4WnTN9hkswyn+EvzCA/r7.1","action":"SyncServerConnectionManagerRequest", "result":"SYNC_SERVER_OK", "context":{"environment":"Prod_francecentral_prod-s01-062-eur-francecentral", "migrationStage":"NotStarted", "server":"akswtt11300000p"}}
{"logTime": "0325/210522", "correlationVector":"O4WnTN9hkswyn+EvzCA/r7.2","action":"Commit Response", "result":"Success", "context":Result: Success. cV=O4WnTN9hkswyn+EvzCA/r7.0;server=akswtt11300000p;cloudType=Consumer;environment=Prod_francecentral_prod-s01-062-eur-francecentral;migrationStage=NotStarted}
{"logTime": "0325/210704", "correlationVector":"AXBqr1Sj4VjzLbWBQA0sSl","action":"Commit Request", "result":"", "context":Item count: 5
Contributing types: Sessions, History}
{"logTime": "0325/210705", "correlationVector":"AXBqr1Sj4VjzLbWBQA0sSl.1","action":"SyncServerConnectionManagerRequest", "result":"SYNC_SERVER_OK", "context":{"environment":"Prod_francecentral_prod-s01-062-eur-francecentral", "migrationStage":"NotStarted", "server":"akswtt11300000h"}}
{"logTime": "0325/210705", "correlationVector":"AXBqr1Sj4VjzLbWBQA0sSl.2","action":"Commit Response", "result":"Success", "context":Result: Success. cV=AXBqr1Sj4VjzLbWBQA0sSl.0;server=akswtt11300000h;cloudType=Consumer;environment=Prod_francecentral_prod-s01-062-eur-francecentral;migrationStage=NotStarted}
{"logTime": "0325/211503", "correlationVector":"MckVcdQX1XKWVsEG0RI+4o","action":"Commit Request", "result":"", "context":Item count: 1
Contributing types: Sessions}
{"logTime": "0325/211504", "correlationVector":"MckVcdQX1XKWVsEG0RI+4o.1","action":"SyncServerConnectionManagerRequest", "result":"SYNC_SERVER_OK", "context":{"environment":"Prod_francecentral_prod-s01-062-eur-francecentral", "migrationStage":"NotStarted", "server":"akswtt11300000a"}}
{"logTime": "0325/211504", "correlationVector":"MckVcdQX1XKWVsEG0RI+4o.2","action":"Commit Response", "result":"Success", "context":Result: Success. cV=MckVcdQX1XKWVsEG0RI+4o.0;server=akswtt11300000a;cloudType=Consumer;environment=Prod_francecentral_prod-s01-062-eur-francecentral;migrationStage=NotStarted}
{"logTime": "0325/212603", "correlationVector":"JIbGlAw7TptgkPceQIulEz","action":"Commit Request", "result":"", "context":Item count: 1
Contributing types: Sessions}
{"logTime": "0325/212604", "correlationVector":"JIbGlAw7TptgkPceQIulEz.1","action":"SyncServerConnectionManagerRequest", "result":"SYNC_SERVER_OK", "context":{"environment":"Prod_francecentral_prod-s01-062-eur-francecentral", "migrationStage":"NotStarted", "server":"akswtt113000001"}}
{"logTime": "0325/212604", "correlationVector":"JIbGlAw7TptgkPceQIulEz.2","action":"Commit Response", "result":"Success", "context":Result: Success. cV=JIbGlAw7TptgkPceQIulEz.0;server=akswtt113000001;cloudType=Consumer;environment=Prod_francecentral_prod-s01-062-eur-francecentral;migrationStage=NotStarted}
{"logTime": "0325/214048", "correlationVector":"gmAHaGpBy0qecYRo+VqUWw","action":"Commit Request", "result":"", "context":Item count: 4
Contributing types: Sessions, History}
{"logTime": "0325/214049", "correlationVector":"gmAHaGpBy0qecYRo+VqUWw.1","action":"SyncServerConnectionManagerRequest", "result":"SYNC_SERVER_OK", "context":{"environment":"Prod_francecentral_prod-s01-062-eur-francecentral", "migrationStage":"NotStarted", "server":"akswtt11300000x"}}
{"logTime": "0325/214049", "correlationVector":"gmAHaGpBy0qecYRo+VqUWw.2","action":"Commit Response", "result":"Success", "context":Result: Success. cV=gmAHaGpBy0qecYRo+VqUWw.0;server=akswtt11300000x;cloudType=Consumer;environment=Prod_francecentral_prod-s01-062-eur-francecentral;migrationStage=NotStarted}
{"logTime": "0325/215136", "correlationVector":"GS3KOtyTILHx9uBXrNBUh+","action":"Commit Request", "result":"", "context":Item count: 1
Contributing types: Sessions}
{"logTime": "0325/215138", "correlationVector":"GS3KOtyTILHx9uBXrNBUh+.1","action":"SyncServerConnectionManagerRequest", "result":"SYNC_SERVER_OK", "context":{"environment":"Prod_francecentral_prod-s01-062-eur-francecentral", "migrationStage":"NotStarted", "server":"akswtt113000004"}}
{"logTime": "0325/215138", "correlationVector":"GS3KOtyTILHx9uBXrNBUh+.2","action":"Commit Response", "result":"Success", "context":Result: Success. cV=GS3KOtyTILHx9uBXrNBUh+.0;server=akswtt113000004;cloudType=Consumer;environment=Prod_francecentral_prod-s01-062-eur-francecentral;migrationStage=NotStarted}
{"logTime": "0325/215424", "correlationVector":"GxfgwYc9ikzx24ZZJhGP8A","action":"Commit Request", "result":"", "context":Item count: 9
Contributing types: Sessions, History}
{"logTime": "0325/215426", "correlationVector":"GxfgwYc9ikzx24ZZJhGP8A.1","action":"SyncServerConnectionManagerRequest", "result":"SYNC_SERVER_OK", "context":{"environment":"Prod_francecentral_prod-s01-062-eur-francecentral", "migrationStage":"NotStarted", "server":"akswtt113000005"}}
{"logTime": "0325/215426", "correlationVector":"GxfgwYc9ikzx24ZZJhGP8A.2","action":"Commit Response", "result":"Success", "context":Result: Success. cV=GxfgwYc9ikzx24ZZJhGP8A.0;server=akswtt113000005;cloudType=Consumer;environment=Prod_francecentral_prod-s01-062-eur-francecentral;migrationStage=NotStarted}
{"logTime": "0326/052830", "correlationVector":"6Y6pfyuOGV1DYWEQ3OriQt.1","action":"SyncServerConnectionManagerRequest", "result":"SYNC_SERVER_OK", "context":{"environment":"Prod_francecentral_prod-s01-062-eur-francecentral", "migrationStage":"NotStarted", "server":"akswtt11300000k"}}
{"logTime": "0326/052830", "correlationVector":"6Y6pfyuOGV1DYWEQ3OriQt.2","action":"ProcessGetUpdates", "result":"Done", "context":{"dataType":"Encryption Keys", "deleted":"0", "process_failed_to_decrypt":"0", "process_pending_decryption":"0", "process_success":"1", "total":"1"}}
{"logTime": "0326/052830", "correlationVector":"BwWE1xO4bqCsTjMWCm9adR","action":"SyncServerConnectionManagerRequest", "result":"SYNC_SERVER_OK", "context":{"environment":"", "migrationStage":"", "server":""}}
{"logTime": "0326/052830", "correlationVector":"BwWE1xO4bqCsTjMWCm9adR.0","action":"EncryptionKeysFetcher.DownloadKeys:", "result":"Success", "context":Key count: 5, Last key timestamp: 2026-03-21T06:37:35Z}
{"logTime": "0326/052830", "correlationVector":"BwWE1xO4bqCsTjMWCm9adR.1","action":"EncryptionKeysManager::SetEncryptionKeys:", "result":"Success", "context":Key names[5]:[YO3IsdQwH+DXO9xWuN6Fo+pFb67XRRavrjRFEacNkaLtjBBm2NILDWt6xeMxgS7l/up/ti6jOkjbwp79rU9nNA==][Lf2IfUxYURP8P6GY8zkCb3Sl9OwGzCkOIab+tzL4UyW6VrckspaPLvhBy86uiAnX7p6ciPZU7ZMkbesJpoM3eQ==][3OGC2fEfkdS0iNW91pwUKJiYRWx9bsKaSLMjgSoG7p4kSdVNosJg/oRTWh/On0579mQfxl6+YMXqihcK8FVJ1w==][OdJsTcGfX4TpQREAV0CdIFuYCwpC+iSfiox5ylW8j3wJcbNF8KAcA34uucNPzQO2UrNgndKhP/bT8NfBZlBCXw==][brYbknTx08gll2InSivn0S8qwdS9PLM+lmDf5mGy6lonQvi04MFpkKBqzoG65fp9vfvmpIDuWDi6MG1OzsHHxw==]}
{"logTime": "0326/052830", "correlationVector":"BwWE1xO4bqCsTjMWCm9adR.2","action":"EncryptionKeysManager::SetEncryptionKeysWithTimestamps:", "result":"Success", "context":Key timestamps[5]:[2023-05-09T22:07:44Z][2023-06-28T18:31:26Z][2024-04-14T06:22:34Z][2025-09-20T17:26:55Z][2026-03-21T06:37:35Z]}
{"logTime": "0326/052830", "correlationVector":"6Y6pfyuOGV1DYWEQ3OriQt","action":"Initial GetUpdates", "result":"", "context":Reason: NEW_CLIENT. cV=6Y6pfyuOGV1DYWEQ3OriQt}
{"logTime": "0326/052830", "correlationVector":"6Y6pfyuOGV1DYWEQ3OriQt.3","action":"GetUpdates Response", "result":"Success", "context":Received 1 update(s). cV=6Y6pfyuOGV1DYWEQ3OriQt.0;server=akswtt11300000k;cloudType=Consumer;environment=Prod_francecentral_prod-s01-062-eur-francecentral;migrationStage=NotStarted}
{"logTime": "0326/052830", "correlationVector":"GuAgYztMNdT9T7elT4z3m9","action":"Initial GetUpdates", "result":"", "context":Reason: NEWLY_SUPPORTED_DATATYPE. cV=GuAgYztMNdT9T7elT4z3m9}
{"logTime": "0326/052831", "correlationVector":"GuAgYztMNdT9T7elT4z3m9.1","action":"SyncServerConnectionManagerRequest", "result":"SYNC_SERVER_OK", "context":{"environment":"Prod_francecentral_prod-s01-062-eur-francecentral", "migrationStage":"NotStarted", "server":"akswtt11300000j"}}
{"logTime": "0326/052831", "correlationVector":"GuAgYztMNdT9T7elT4z3m9.2","action":"ProcessGetUpdates", "result":"Done", "context":{"dataType":"Preferences", "deleted":"0", "process_failed_to_decrypt":"0", "process_pending_decryption":"0", "process_success":"73", "total":"73"}}
{"logTime": "0326/052831", "correlationVector":"GuAgYztMNdT9T7elT4z3m9.3","action":"ProcessGetUpdates", "result":"Done", "context":{"dataType":"Passwords", "deleted":"1", "process_failed_to_decrypt":"0", "process_pending_decryption":"0", "process_success":"25", "total":"25"}}
{"logTime": "0326/052831", "correlationVector":"GuAgYztMNdT9T7elT4z3m9.4","action":"ProcessGetUpdates", "result":"Done", "context":{"dataType":"Device Info", "deleted":"0", "process_failed_to_decrypt":"0", "process_pending_decryption":"0", "process_success":"35", "total":"35"}}
{"logTime": "0326/052831", "correlationVector":"GuAgYztMNdT9T7elT4z3m9.5","action":"GetUpdates Response", "result":"Success", "context":Received 133 update(s). cV=GuAgYztMNdT9T7elT4z3m9.0;server=akswtt11300000j;cloudType=Consumer;environment=Prod_francecentral_prod-s01-062-eur-francecentral;migrationStage=NotStarted}
{"logTime": "0326/052831", "correlationVector":"YamrQK0hptNHJEpokndBqA","action":"Initial GetUpdates", "result":"", "context":Reason: NEWLY_SUPPORTED_DATATYPE. cV=YamrQK0hptNHJEpokndBqA}
{"logTime": "0326/052831", "correlationVector":"YamrQK0hptNHJEpokndBqA.1","action":"SyncServerConnectionManagerRequest", "result":"SYNC_SERVER_OK", "context":{"environment":"Prod_francecentral_prod-s01-062-eur-francecentral", "migrationStage":"NotStarted", "server":"akswtt113000008"}}
{"logTime": "0326/052831", "correlationVector":"YamrQK0hptNHJEpokndBqA.2","action":"ProcessGetUpdates", "result":"Done", "context":{"dataType":"Bookmarks", "deleted":"0", "process_failed_to_decrypt":"0", "process_pending_decryption":"0", "process_success":"9", "total":"9"}}
{"logTime": "0326/052831", "correlationVector":"YamrQK0hptNHJEpokndBqA.3","action":"GetUpdates Response", "result":"Success", "context":Received 9 update(s). cV=YamrQK0hptNHJEpokndBqA.0;server=akswtt113000008;cloudType=Consumer;environment=Prod_francecentral_prod-s01-062-eur-francecentral;migrationStage=NotStarted}
{"logTime": "0326/052831", "correlationVector":"WwGETeUgdm1twbLEXMxjxt","action":"Initial GetUpdates", "result":"", "context":Reason: NEWLY_SUPPORTED_DATATYPE. cV=WwGETeUgdm1twbLEXMxjxt}
{"logTime": "0326/052832", "correlationVector":"WwGETeUgdm1twbLEXMxjxt.1","action":"SyncServerConnectionManagerRequest", "result":"SYNC_SERVER_OK", "context":{"environment":"Prod_francecentral_prod-s01-062-eur-francecentral", "migrationStage":"NotStarted", "server":"akswtt11300000u"}}
{"logTime": "0326/052832", "correlationVector":"WwGETeUgdm1twbLEXMxjxt.2","action":"ProcessGetUpdates", "result":"Done", "context":{"dataType":"Autofill", "deleted":"0", "process_failed_to_decrypt":"0", "process_pending_decryption":"0", "process_success":"1", "total":"1"}}
{"logTime": "0326/052832", "correlationVector":"WwGETeUgdm1twbLEXMxjxt.3","action":"ProcessGetUpdates", "result":"Done", "context":{"dataType":"Sessions", "deleted":"213", "process_failed_to_decrypt":"0", "process_pending_decryption":"0", "process_success":"213", "total":"213"}}
{"logTime": "0326/052832", "correlationVector":"WwGETeUgdm1twbLEXMxjxt.4","action":"ProcessGetUpdates", "result":"Done", "context":{"dataType":"Web Apps", "deleted":"0", "process_failed_to_decrypt":"0", "process_pending_decryption":"0", "process_success":"1", "total":"1"}}
{"logTime": "0326/052832", "correlationVector":"WwGETeUgdm1twbLEXMxjxt.5","action":"ProcessGetUpdates", "result":"Done", "context":{"dataType":"Saved Tab Group", "deleted":"7", "process_failed_to_decrypt":"0", "process_pending_decryption":"0", "process_success":"7", "total":"7"}}
{"logTime": "0326/052832", "correlationVector":"WwGETeUgdm1twbLEXMxjxt.6","action":"ProcessGetUpdates", "result":"Done", "context":{"dataType":"Edge Hub App Usage", "deleted":"11", "process_failed_to_decrypt":"0", "process_pending_decryption":"0", "process_success":"28", "total":"28"}}
{"logTime": "0326/052832", "correlationVector":"WwGETeUgdm1twbLEXMxjxt.7","action":"GetUpdates Response", "result":"Success", "context":Received 250 update(s). cV=WwGETeUgdm1twbLEXMxjxt.0;server=akswtt11300000u;cloudType=Consumer;environment=Prod_francecentral_prod-s01-062-eur-francecentral;migrationStage=NotStarted Some updates remain.}
{"logTime": "0326/052832", "correlationVector":"2O3+d39/qGLnlzLLTB/gyd","action":"Initial GetUpdates", "result":"", "context":Reason: NEWLY_SUPPORTED_DATATYPE. cV=2O3+d39/qGLnlzLLTB/gyd}
{"logTime": "0326/052833", "correlationVector":"2O3+d39/qGLnlzLLTB/gyd.1","action":"SyncServerConnectionManagerRequest", "result":"SYNC_SERVER_OK", "context":{"environment":"Prod_francecentral_prod-s01-062-eur-francecentral", "migrationStage":"NotStarted", "server":"akswtt11300000p"}}
{"logTime": "0326/052833", "correlationVector":"2O3+d39/qGLnlzLLTB/gyd.2","action":"ProcessGetUpdates", "result":"Done", "context":{"dataType":"Sessions", "deleted":"232", "process_failed_to_decrypt":"0", "process_pending_decryption":"0", "process_success":"232", "total":"232"}}
{"logTime": "0326/052833", "correlationVector":"2O3+d39/qGLnlzLLTB/gyd.3","action":"ProcessGetUpdates", "result":"Done", "context":{"dataType":"Saved Tab Group", "deleted":"5", "process_failed_to_decrypt":"0", "process_pending_decryption":"0", "process_success":"6", "total":"6"}}
{"logTime": "0326/052833", "correlationVector":"2O3+d39/qGLnlzLLTB/gyd.4","action":"ProcessGetUpdates", "result":"Done", "context":{"dataType":"Edge Hub App Usage", "deleted":"0", "process_failed_to_decrypt":"0", "process_pending_decryption":"0", "process_success":"12", "total":"12"}}
{"logTime": "0326/052833", "correlationVector":"2O3+d39/qGLnlzLLTB/gyd.5","action":"GetUpdates Response", "result":"Success", "context":Received 250 update(s). cV=2O3+d39/qGLnlzLLTB/gyd.0;server=akswtt11300000p;cloudType=Consumer;environment=Prod_francecentral_prod-s01-062-eur-francecentral;migrationStage=NotStarted Some updates remain.}
{"logTime": "0326/052833", "correlationVector":"fqpJ60W6vFeMZbqlbqHewo","action":"Initial GetUpdates", "result":"", "context":Reason: NEWLY_SUPPORTED_DATATYPE. cV=fqpJ60W6vFeMZbqlbqHewo}
{"logTime": "0326/052834", "correlationVector":"fqpJ60W6vFeMZbqlbqHewo.1","action":"SyncServerConnectionManagerRequest", "result":"SYNC_SERVER_OK", "context":{"environment":"Prod_francecentral_prod-s01-062-eur-francecentral", "migrationStage":"NotStarted", "server":"akswtt11300000k"}}
{"logTime": "0326/052834", "correlationVector":"fqpJ60W6vFeMZbqlbqHewo.2","action":"ProcessGetUpdates", "result":"Done", "context":{"dataType":"Autofill Profiles", "deleted":"0", "process_failed_to_decrypt":"0", "process_pending_decryption":"0", "process_success":"1", "total":"1"}}
{"logTime": "0326/052834", "correlationVector":"fqpJ60W6vFeMZbqlbqHewo.3","action":"ProcessGetUpdates", "result":"Done", "context":{"dataType":"Autofill", "deleted":"0", "process_failed_to_decrypt":"0", "process_pending_decryption":"0", "process_success":"84", "total":"84"}}
{"logTime": "0326/052834", "correlationVector":"fqpJ60W6vFeMZbqlbqHewo.4","action":"ProcessGetUpdates", "result":"Done", "context":{"dataType":"Sessions", "deleted":"156", "process_failed_to_decrypt":"0", "process_pending_decryption":"0", "process_success":"158", "total":"158"}}
{"logTime": "0326/052834", "correlationVector":"fqpJ60W6vFeMZbqlbqHewo.5","action":"ProcessGetUpdates", "result":"Done", "context":{"dataType":"Edge Hub App Usage", "deleted":"2", "process_failed_to_decrypt":"0", "process_pending_decryption":"0", "process_success":"7", "total":"7"}}
{"logTime": "0326/052834", "correlationVector":"fqpJ60W6vFeMZbqlbqHewo.6","action":"GetUpdates Response", "result":"Success", "context":Received 250 update(s). cV=fqpJ60W6vFeMZbqlbqHewo.0;server=akswtt11300000k;cloudType=Consumer;environment=Prod_francecentral_prod-s01-062-eur-francecentral;migrationStage=NotStarted Some updates remain.}
{"logTime": "0326/052834", "correlationVector":"g0jpvRCRHr3skJMlUC8Rwz","action":"Initial GetUpdates", "result":"", "context":Reason: NEWLY_SUPPORTED_DATATYPE. cV=g0jpvRCRHr3skJMlUC8Rwz}
{"logTime": "0326/052834", "correlationVector":"g0jpvRCRHr3skJMlUC8Rwz.1","action":"SyncServerConnectionManagerRequest", "result":"SYNC_SERVER_OK", "context":{"environment":"Prod_francecentral_prod-s01-062-eur-francecentral", "migrationStage":"NotStarted", "server":"akswtt11300000p"}}
{"logTime": "0326/052834", "correlationVector":"g0jpvRCRHr3skJMlUC8Rwz.2","action":"ProcessGetUpdates", "result":"Done", "context":{"dataType":"Autofill Profiles", "deleted":"0", "process_failed_to_decrypt":"0", "process_pending_decryption":"0", "process_success":"2", "total":"2"}}
{"logTime": "0326/052834", "correlationVector":"g0jpvRCRHr3skJMlUC8Rwz.3","action":"ProcessGetUpdates", "result":"Done", "context":{"dataType":"Autofill", "deleted":"0", "process_failed_to_decrypt":"0", "process_pending_decryption":"0", "process_success":"9", "total":"9"}}
{"logTime": "0326/052834", "correlationVector":"g0jpvRCRHr3skJMlUC8Rwz.4","action":"ProcessGetUpdates", "result":"Done", "context":{"dataType":"Sessions", "deleted":"138", "process_failed_to_decrypt":"0", "process_pending_decryption":"0", "process_success":"171", "total":"171"}}
{"logTime": "0326/052834", "correlationVector":"g0jpvRCRHr3skJMlUC8Rwz.5","action":"ProcessGetUpdates", "result":"Done", "context":{"dataType":"Edge Hub App Usage", "deleted":"0", "process_failed_to_decrypt":"0", "process_pending_decryption":"0", "process_success":"5", "total":"5"}}
{"logTime": "0326/052834", "correlationVector":"g0jpvRCRHr3skJMlUC8Rwz.6","action":"GetUpdates Response", "result":"Success", "context":Received 187 update(s). cV=g0jpvRCRHr3skJMlUC8Rwz.0;server=akswtt11300000p;cloudType=Consumer;environment=Prod_francecentral_prod-s01-062-eur-francecentral;migrationStage=NotStarted}
{"logTime": "0326/052834", "correlationVector":"mVxIRX+CIJYS3LTUPE6FgV","action":"Initial GetUpdates", "result":"", "context":Reason: NEWLY_SUPPORTED_DATATYPE. cV=mVxIRX+CIJYS3LTUPE6FgV}
{"logTime": "0326/052835", "correlationVector":"mVxIRX+CIJYS3LTUPE6FgV.1","action":"SyncServerConnectionManagerRequest", "result":"SYNC_SERVER_OK", "context":{"environment":"Prod_francecentral_prod-s01-062-eur-francecentral", "migrationStage":"NotStarted", "server":"akswtt11300000j"}}
{"logTime": "0326/052835", "correlationVector":"mVxIRX+CIJYS3LTUPE6FgV.2","action":"ProcessGetUpdates", "result":"Done", "context":{"dataType":"History", "deleted":"0", "process_failed_to_decrypt":"0", "process_pending_decryption":"0", "process_success":"250", "total":"250"}}
{"logTime": "0326/052835", "correlationVector":"mVxIRX+CIJYS3LTUPE6FgV.3","action":"GetUpdates Response", "result":"Success", "context":Received 250 update(s). cV=mVxIRX+CIJYS3LTUPE6FgV.0;server=akswtt11300000j;cloudType=Consumer;environment=Prod_francecentral_prod-s01-062-eur-francecentral;migrationStage=NotStarted Some updates remain.}
{"logTime": "0326/052835", "correlationVector":"v83LWRxbMExdpbg/XmxfKr","action":"Initial GetUpdates", "result":"", "context":Reason: NEWLY_SUPPORTED_DATATYPE. cV=v83LWRxbMExdpbg/XmxfKr}
{"logTime": "0326/052835", "correlationVector":"v83LWRxbMExdpbg/XmxfKr.1","action":"SyncServerConnectionManagerRequest", "result":"SYNC_SERVER_OK", "context":{"environment":"Prod_francecentral_prod-s01-062-eur-francecentral", "migrationStage":"NotStarted", "server":"akswtt11300000a"}}
{"logTime": "0326/052835", "correlationVector":"v83LWRxbMExdpbg/XmxfKr.2","action":"ProcessGetUpdates", "result":"Done", "context":{"dataType":"History", "deleted":"0", "process_failed_to_decrypt":"0", "process_pending_decryption":"0", "process_success":"250", "total":"250"}}
{"logTime": "0326/052835", "correlationVector":"v83LWRxbMExdpbg/XmxfKr.3","action":"GetUpdates Response", "result":"Success", "context":Received 250 update(s). cV=v83LWRxbMExdpbg/XmxfKr.0;server=akswtt11300000a;cloudType=Consumer;environment=Prod_francecentral_prod-s01-062-eur-francecentral;migrationStage=NotStarted Some updates remain.}
{"logTime": "0326/052835", "correlationVector":"zF32cER8C4MbgHgwC2EEaP","action":"Initial GetUpdates", "result":"", "context":Reason: NEWLY_SUPPORTED_DATATYPE. cV=zF32cER8C4MbgHgwC2EEaP}
{"logTime": "0326/052836", "correlationVector":"zF32cER8C4MbgHgwC2EEaP.1","action":"SyncServerConnectionManagerRequest", "result":"SYNC_SERVER_OK", "context":{"environment":"Prod_francecentral_prod-s01-062-eur-francecentral", "migrationStage":"NotStarted", "server":"akswtt11300000k"}}
{"logTime": "0326/052836", "correlationVector":"zF32cER8C4MbgHgwC2EEaP.2","action":"ProcessGetUpdates", "result":"Done", "context":{"dataType":"History", "deleted":"0", "process_failed_to_decrypt":"0", "process_pending_decryption":"0", "process_success":"250", "total":"250"}}
{"logTime": "0326/052836", "correlationVector":"zF32cER8C4MbgHgwC2EEaP.3","action":"GetUpdates Response", "result":"Success", "context":Received 250 update(s). cV=zF32cER8C4MbgHgwC2EEaP.0;server=akswtt11300000k;cloudType=Consumer;environment=Prod_francecentral_prod-s01-062-eur-francecentral;migrationStage=NotStarted Some updates remain.}
{"logTime": "0326/052836", "correlationVector":"IRTA9040PjS0f4u82eYbUs","action":"Initial GetUpdates", "result":"", "context":Reason: NEWLY_SUPPORTED_DATATYPE. cV=IRTA9040PjS0f4u82eYbUs}
{"logTime": "0326/052836", "correlationVector":"IRTA9040PjS0f4u82eYbUs.1","action":"SyncServerConnectionManagerRequest", "result":"SYNC_SERVER_OK", "context":{"environment":"Prod_francecentral_prod-s01-062-eur-francecentral", "migrationStage":"NotStarted", "server":"akswtt11300000j"}}
{"logTime": "0326/052836", "correlationVector":"IRTA9040PjS0f4u82eYbUs.2","action":"ProcessGetUpdates", "result":"Done", "context":{"dataType":"History", "deleted":"0", "process_failed_to_decrypt":"0", "process_pending_decryption":"0", "process_success":"250", "total":"250"}}
{"logTime": "0326/052836", "correlationVector":"IRTA9040PjS0f4u82eYbUs.3","action":"GetUpdates Response", "result":"Success", "context":Received 250 update(s). cV=IRTA9040PjS0f4u82eYbUs.0;server=akswtt11300000j;cloudType=Consumer;environment=Prod_francecentral_prod-s01-062-eur-francecentral;migrationStage=NotStarted Some updates remain.}
{"logTime": "0326/052836", "correlationVector":"yxQzo9SZbU4kwDKXkWrWR3","action":"Initial GetUpdates", "result":"", "context":Reason: NEWLY_SUPPORTED_DATATYPE. cV=yxQzo9SZbU4kwDKXkWrWR3}
{"logTime": "0326/052837", "correlationVector":"yxQzo9SZbU4kwDKXkWrWR3.1","action":"SyncServerConnectionManagerRequest", "result":"SYNC_SERVER_OK", "context":{"environment":"Prod_francecentral_prod-s01-062-eur-francecentral", "migrationStage":"NotStarted", "server":"akswtt11300000a"}}
{"logTime": "0326/052837", "correlationVector":"yxQzo9SZbU4kwDKXkWrWR3.2","action":"ProcessGetUpdates", "result":"Done", "context":{"dataType":"History", "deleted":"0", "process_failed_to_decrypt":"0", "process_pending_decryption":"0", "process_success":"250", "total":"250"}}
{"logTime": "0326/052837", "correlationVector":"yxQzo9SZbU4kwDKXkWrWR3.3","action":"GetUpdates Response", "result":"Success", "context":Received 250 update(s). cV=yxQzo9SZbU4kwDKXkWrWR3.0;server=akswtt11300000a;cloudType=Consumer;environment=Prod_francecentral_prod-s01-062-eur-francecentral;migrationStage=NotStarted Some updates remain.}
{"logTime": "0326/052837", "correlationVector":"upwhGxNTm9MEkPzXiLvqYE","action":"Initial GetUpdates", "result":"", "context":Reason: NEWLY_SUPPORTED_DATATYPE. cV=upwhGxNTm9MEkPzXiLvqYE}
{"logTime": "0326/052837", "correlationVector":"upwhGxNTm9MEkPzXiLvqYE.1","action":"SyncServerConnectionManagerRequest", "result":"SYNC_SERVER_OK", "context":{"environment":"Prod_francecentral_prod-s01-062-eur-francecentral", "migrationStage":"NotStarted", "server":"akswtt11300000f"}}
{"logTime": "0326/052837", "correlationVector":"upwhGxNTm9MEkPzXiLvqYE.2","action":"ProcessGetUpdates", "result":"Done", "context":{"dataType":"History", "deleted":"0", "process_failed_to_decrypt":"0", "process_pending_decryption":"0", "process_success":"250", "total":"250"}}
{"logTime": "0326/052837", "correlationVector":"upwhGxNTm9MEkPzXiLvqYE.3","action":"GetUpdates Response", "result":"Success", "context":Received 250 update(s). cV=upwhGxNTm9MEkPzXiLvqYE.0;server=akswtt11300000f;cloudType=Consumer;environment=Prod_francecentral_prod-s01-062-eur-francecentral;migrationStage=NotStarted Some updates remain.}
{"logTime": "0326/052837", "correlationVector":"fffpqv/SB+78jj23qwGRTg","action":"Initial GetUpdates", "result":"", "context":Reason: NEWLY_SUPPORTED_DATATYPE. cV=fffpqv/SB+78jj23qwGRTg}
{"logTime": "0326/052838", "correlationVector":"fffpqv/SB+78jj23qwGRTg.1","action":"SyncServerConnectionManagerRequest", "result":"SYNC_SERVER_OK", "context":{"environment":"Prod_francecentral_prod-s01-062-eur-francecentral", "migrationStage":"NotStarted", "server":"akswtt11300000k"}}
{"logTime": "0326/052838", "correlationVector":"fffpqv/SB+78jj23qwGRTg.2","action":"ProcessGetUpdates", "result":"Done", "context":{"dataType":"History", "deleted":"0", "process_failed_to_decrypt":"0", "process_pending_decryption":"0", "process_success":"250", "total":"250"}}
{"logTime": "0326/052838", "correlationVector":"fffpqv/SB+78jj23qwGRTg.3","action":"GetUpdates Response", "result":"Success", "context":Received 250 update(s). cV=fffpqv/SB+78jj23qwGRTg.0;server=akswtt11300000k;cloudType=Consumer;environment=Prod_francecentral_prod-s01-062-eur-francecentral;migrationStage=NotStarted Some updates remain.}
{"logTime": "0326/052838", "correlationVector":"+5s9QapaT9NeqVHXGtgUCv","action":"Initial GetUpdates", "result":"", "context":Reason: NEWLY_SUPPORTED_DATATYPE. cV=+5s9QapaT9NeqVHXGtgUCv}
{"logTime": "0326/052839", "correlationVector":"+5s9QapaT9NeqVHXGtgUCv.1","action":"SyncServerConnectionManagerRequest", "result":"SYNC_SERVER_OK", "context":{"environment":"Prod_francecentral_prod-s01-062-eur-francecentral", "migrationStage":"NotStarted", "server":"akswtt11300000j"}}
{"logTime": "0326/052839", "correlationVector":"+5s9QapaT9NeqVHXGtgUCv.2","action":"ProcessGetUpdates", "result":"Done", "context":{"dataType":"History", "deleted":"0", "process_failed_to_decrypt":"0", "process_pending_decryption":"0", "process_success":"250", "total":"250"}}
{"logTime": "0326/052839", "correlationVector":"+5s9QapaT9NeqVHXGtgUCv.3","action":"GetUpdates Response", "result":"Success", "context":Received 250 update(s). cV=+5s9QapaT9NeqVHXGtgUCv.0;server=akswtt11300000j;cloudType=Consumer;environment=Prod_francecentral_prod-s01-062-eur-francecentral;migrationStage=NotStarted Some updates remain.}
{"logTime": "0326/052839", "correlationVector":"W/MzrksLhsjONRwYefgJmG","action":"Initial GetUpdates", "result":"", "context":Reason: NEWLY_SUPPORTED_DATATYPE. cV=W/MzrksLhsjONRwYefgJmG}
{"logTime": "0326/052839", "correlationVector":"W/MzrksLhsjONRwYefgJmG.1","action":"SyncServerConnectionManagerRequest", "result":"SYNC_SERVER_OK", "context":{"environment":"Prod_francecentral_prod-s01-062-eur-francecentral", "migrationStage":"NotStarted", "server":"akswtt11300000u"}}
{"logTime": "0326/052839", "correlationVector":"W/MzrksLhsjONRwYefgJmG.2","action":"ProcessGetUpdates", "result":"Done", "context":{"dataType":"History", "deleted":"0", "process_failed_to_decrypt":"0", "process_pending_decryption":"0", "process_success":"250", "total":"250"}}
{"logTime": "0326/052839", "correlationVector":"W/MzrksLhsjONRwYefgJmG.3","action":"GetUpdates Response", "result":"Success", "context":Received 250 update(s). cV=W/MzrksLhsjONRwYefgJmG.0;server=akswtt11300000u;cloudType=Consumer;environment=Prod_francecentral_prod-s01-062-eur-francecentral;migrationStage=NotStarted Some updates remain.}
{"logTime": "0326/052839", "correlationVector":"o4IFNpxLgAvPupM5Kqf57b","action":"Initial GetUpdates", "result":"", "context":Reason: NEWLY_SUPPORTED_DATATYPE. cV=o4IFNpxLgAvPupM5Kqf57b}
{"logTime": "0326/052840", "correlationVector":"o4IFNpxLgAvPupM5Kqf57b.1","action":"SyncServerConnectionManagerRequest", "result":"SYNC_SERVER_OK", "context":{"environment":"Prod_francecentral_prod-s01-062-eur-francecentral", "migrationStage":"NotStarted", "server":"akswtt11300000j"}}
{"logTime": "0326/052840", "correlationVector":"o4IFNpxLgAvPupM5Kqf57b.2","action":"ProcessGetUpdates", "result":"Done", "context":{"dataType":"History", "deleted":"0", "process_failed_to_decrypt":"0", "process_pending_decryption":"0", "process_success":"250", "total":"250"}}
{"logTime": "0326/052840", "correlationVector":"o4IFNpxLgAvPupM5Kqf57b.3","action":"GetUpdates Response", "result":"Success", "context":Received 250 update(s). cV=o4IFNpxLgAvPupM5Kqf57b.0;server=akswtt11300000j;cloudType=Consumer;environment=Prod_francecentral_prod-s01-062-eur-francecentral;migrationStage=NotStarted Some updates remain.}
{"logTime": "0326/052840", "correlationVector":"OkT7qKYcEi7rPsHQ6HtHmu","action":"Initial GetUpdates", "result":"", "context":Reason: NEWLY_SUPPORTED_DATATYPE. cV=OkT7qKYcEi7rPsHQ6HtHmu}
{"logTime": "0326/052840", "correlationVector":"OkT7qKYcEi7rPsHQ6HtHmu.1","action":"SyncServerConnectionManagerRequest", "result":"SYNC_SERVER_OK", "context":{"environment":"Prod_francecentral_prod-s01-062-eur-francecentral", "migrationStage":"NotStarted", "server":"akswtt11300000u"}}
{"logTime": "0326/052840", "correlationVector":"OkT7qKYcEi7rPsHQ6HtHmu.2","action":"ProcessGetUpdates", "result":"Done", "context":{"dataType":"History", "deleted":"0", "process_failed_to_decrypt":"0", "process_pending_decryption":"0", "process_success":"250", "total":"250"}}
{"logTime": "0326/052840", "correlationVector":"OkT7qKYcEi7rPsHQ6HtHmu.3","action":"GetUpdates Response", "result":"Success", "context":Received 250 update(s). cV=OkT7qKYcEi7rPsHQ6HtHmu.0;server=akswtt11300000u;cloudType=Consumer;environment=Prod_francecentral_prod-s01-062-eur-francecentral;migrationStage=NotStarted Some updates remain.}
{"logTime": "0326/052840", "correlationVector":"A0QcNcpVxeWnzH/Qe5yC/0","action":"Initial GetUpdates", "result":"", "context":Reason: NEWLY_SUPPORTED_DATATYPE. cV=A0QcNcpVxeWnzH/Qe5yC/0}
{"logTime": "0326/052841", "correlationVector":"A0QcNcpVxeWnzH/Qe5yC/0.1","action":"SyncServerConnectionManagerRequest", "result":"SYNC_SERVER_OK", "context":{"environment":"Prod_francecentral_prod-s01-062-eur-francecentral", "migrationStage":"NotStarted", "server":"akswtt11300000f"}}
{"logTime": "0326/052841", "correlationVector":"A0QcNcpVxeWnzH/Qe5yC/0.2","action":"ProcessGetUpdates", "result":"Done", "context":{"dataType":"History", "deleted":"0", "process_failed_to_decrypt":"0", "process_pending_decryption":"0", "process_success":"250", "total":"250"}}
{"logTime": "0326/052841", "correlationVector":"A0QcNcpVxeWnzH/Qe5yC/0.3","action":"GetUpdates Response", "result":"Success", "context":Received 250 update(s). cV=A0QcNcpVxeWnzH/Qe5yC/0.0;server=akswtt11300000f;cloudType=Consumer;environment=Prod_francecentral_prod-s01-062-eur-francecentral;migrationStage=NotStarted Some updates remain.}
{"logTime": "0326/052841", "correlationVector":"fhK9UadlBByQdgctwh4bog","action":"Initial GetUpdates", "result":"", "context":Reason: NEWLY_SUPPORTED_DATATYPE. cV=fhK9UadlBByQdgctwh4bog}
{"logTime": "0326/052841", "correlationVector":"fhK9UadlBByQdgctwh4bog.1","action":"SyncServerConnectionManagerRequest", "result":"SYNC_SERVER_OK", "context":{"environment":"Prod_francecentral_prod-s01-062-eur-francecentral", "migrationStage":"NotStarted", "server":"akswtt11300000u"}}
{"logTime": "0326/052841", "correlationVector":"fhK9UadlBByQdgctwh4bog.2","action":"ProcessGetUpdates", "result":"Done", "context":{"dataType":"History", "deleted":"0", "process_failed_to_decrypt":"0", "process_pending_decryption":"0", "process_success":"250", "total":"250"}}
{"logTime": "0326/052841", "correlationVector":"fhK9UadlBByQdgctwh4bog.3","action":"GetUpdates Response", "result":"Success", "context":Received 250 update(s). cV=fhK9UadlBByQdgctwh4bog.0;server=akswtt11300000u;cloudType=Consumer;environment=Prod_francecentral_prod-s01-062-eur-francecentral;migrationStage=NotStarted Some updates remain.}
{"logTime": "0326/052841", "correlationVector":"qwjrOu545vMYTGrUWYsGqp","action":"Initial GetUpdates", "result":"", "context":Reason: NEWLY_SUPPORTED_DATATYPE. cV=qwjrOu545vMYTGrUWYsGqp}
{"logTime": "0326/052842", "correlationVector":"qwjrOu545vMYTGrUWYsGqp.1","action":"SyncServerConnectionManagerRequest", "result":"SYNC_SERVER_OK", "context":{"environment":"Prod_francecentral_prod-s01-062-eur-francecentral", "migrationStage":"NotStarted", "server":"akswtt11300000k"}}
{"logTime": "0326/052842", "correlationVector":"qwjrOu545vMYTGrUWYsGqp.2","action":"ProcessGetUpdates", "result":"Done", "context":{"dataType":"History", "deleted":"0", "process_failed_to_decrypt":"0", "process_pending_decryption":"0", "process_success":"250", "total":"250"}}
{"logTime": "0326/052842", "correlationVector":"qwjrOu545vMYTGrUWYsGqp.3","action":"GetUpdates Response", "result":"Success", "context":Received 250 update(s). cV=qwjrOu545vMYTGrUWYsGqp.0;server=akswtt11300000k;cloudType=Consumer;environment=Prod_francecentral_prod-s01-062-eur-francecentral;migrationStage=NotStarted Some updates remain.}
{"logTime": "0326/052842", "correlationVector":"Sz2cH4w2cDpPTr70tiFmsi","action":"Initial GetUpdates", "result":"", "context":Reason: NEWLY_SUPPORTED_DATATYPE. cV=Sz2cH4w2cDpPTr70tiFmsi}
{"logTime": "0326/052842", "correlationVector":"Sz2cH4w2cDpPTr70tiFmsi.1","action":"SyncServerConnectionManagerRequest", "result":"SYNC_SERVER_OK", "context":{"environment":"Prod_francecentral_prod-s01-062-eur-francecentral", "migrationStage":"NotStarted", "server":"akswtt11300000j"}}
{"logTime": "0326/052842", "correlationVector":"Sz2cH4w2cDpPTr70tiFmsi.2","action":"ProcessGetUpdates", "result":"Done", "context":{"dataType":"History", "deleted":"0", "process_failed_to_decrypt":"0", "process_pending_decryption":"0", "process_success":"58", "total":"58"}}
{"logTime": "0326/052842", "correlationVector":"Sz2cH4w2cDpPTr70tiFmsi.3","action":"GetUpdates Response", "result":"Success", "context":Received 58 update(s). cV=Sz2cH4w2cDpPTr70tiFmsi.0;server=akswtt11300000j;cloudType=Consumer;environment=Prod_francecentral_prod-s01-062-eur-francecentral;migrationStage=NotStarted}
{"logTime": "0326/052842", "correlationVector":"Uupa7Udf0oV8uWe14rKKkT","action":"Normal GetUpdate request", "result":"", "context":cV=Uupa7Udf0oV8uWe14rKKkT
Nudged types: Preferences, Passwords, Sessions, Device Info, History
Refresh requested types: Bookmarks, Preferences, Passwords, Autofill Profiles, Autofill, Extensions, Sessions, Extension settings, History Delete Directives, Device Info, User Consents, Send Tab To Self, Web Apps, History, Saved Tab Group, WebAuthn Credentials, Collection, Edge E Drop, Edge Hub App Usage, Edge Wallet, Edge Workspace, Encryption Keys}
{"logTime": "0326/052842", "correlationVector":"Uupa7Udf0oV8uWe14rKKkT.1","action":"SyncServerConnectionManagerRequest", "result":"SYNC_SERVER_OK", "context":{"environment":"Prod_francecentral_prod-s01-062-eur-francecentral", "migrationStage":"NotStarted", "server":"akswtt11300000f"}}
{"logTime": "0326/052842", "correlationVector":"Uupa7Udf0oV8uWe14rKKkT.2","action":"GetUpdates Response", "result":"Success", "context":Received 0 update(s). cV=Uupa7Udf0oV8uWe14rKKkT.0;server=akswtt11300000f;cloudType=Consumer;environment=Prod_francecentral_prod-s01-062-eur-francecentral;migrationStage=NotStarted}
{"logTime": "0326/052842", "correlationVector":"/Fam4i0EM+RSzHdRWKolcg","action":"Commit Request", "result":"", "context":Item count: 19
Contributing types: Preferences, Passwords, Sessions, Device Info, History}
{"logTime": "0326/052843", "correlationVector":"/Fam4i0EM+RSzHdRWKolcg.1","action":"SyncServerConnectionManagerRequest", "result":"SYNC_SERVER_OK", "context":{"environment":"Prod_francecentral_prod-s01-062-eur-francecentral", "migrationStage":"NotStarted", "server":"akswtt113000008"}}
{"logTime": "0326/052843", "correlationVector":"/Fam4i0EM+RSzHdRWKolcg.2","action":"Commit Response", "result":"Success", "context":Result: Success. cV=/Fam4i0EM+RSzHdRWKolcg.0;server=akswtt113000008;cloudType=Consumer;environment=Prod_francecentral_prod-s01-062-eur-francecentral;migrationStage=NotStarted}
{"logTime": "0326/052843", "correlationVector":"Dq4tQkagd8mmhKBkF7VrKC","action":"Poll GetUpdate request", "result":"", "context":cV=Dq4tQkagd8mmhKBkF7VrKC}
{"logTime": "0326/052844", "correlationVector":"Dq4tQkagd8mmhKBkF7VrKC.1","action":"SyncServerConnectionManagerRequest", "result":"SYNC_SERVER_OK", "context":{"environment":"Prod_francecentral_prod-s01-062-eur-francecentral", "migrationStage":"NotStarted", "server":"akswtt11300000p"}}
{"logTime": "0326/052844", "correlationVector":"Dq4tQkagd8mmhKBkF7VrKC.2","action":"ProcessGetUpdates", "result":"Done", "context":{"dataType":"Preferences", "deleted":"0", "process_failed_to_decrypt":"0", "process_pending_decryption":"0", "process_success":"1", "total":"1"}}
{"logTime": "0326/052844", "correlationVector":"Dq4tQkagd8mmhKBkF7VrKC.3","action":"ProcessGetUpdates", "result":"Done", "context":{"dataType":"Passwords", "deleted":"0", "process_failed_to_decrypt":"0", "process_pending_decryption":"0", "process_success":"14", "total":"14"}}
{"logTime": "0326/052844", "correlationVector":"Dq4tQkagd8mmhKBkF7VrKC.4","action":"ProcessGetUpdates", "result":"Done", "context":{"dataType":"Sessions", "deleted":"0", "process_failed_to_decrypt":"0", "process_pending_decryption":"0", "process_success":"2", "total":"2"}}
{"logTime": "0326/052844", "correlationVector":"Dq4tQkagd8mmhKBkF7VrKC.5","action":"ProcessGetUpdates", "result":"Done", "context":{"dataType":"Device Info", "deleted":"0", "process_failed_to_decrypt":"0", "process_pending_decryption":"0", "process_success":"1", "total":"1"}}
{"logTime": "0326/052844", "correlationVector":"Dq4tQkagd8mmhKBkF7VrKC.6","action":"ProcessGetUpdates", "result":"Done", "context":{"dataType":"History", "deleted":"0", "process_failed_to_decrypt":"0", "process_pending_decryption":"0", "process_success":"1", "total":"1"}}
{"logTime": "0326/052844", "correlationVector":"Dq4tQkagd8mmhKBkF7VrKC.7","action":"GetUpdates Response", "result":"Success", "context":Received 19 update(s). cV=Dq4tQkagd8mmhKBkF7VrKC.0;server=akswtt11300000p;cloudType=Consumer;environment=Prod_francecentral_prod-s01-062-eur-francecentral;migrationStage=NotStarted}
{"logTime": "0326/052950", "correlationVector":"K/1QH54h0abKCADnnYjEO3","action":"Commit Request", "result":"", "context":Item count: 4
Contributing types: Sessions, History}
{"logTime": "0326/052950", "correlationVector":"K/1QH54h0abKCADnnYjEO3.1","action":"SyncServerConnectionManagerRequest", "result":"SYNC_SERVER_OK", "context":{"environment":"Prod_francecentral_prod-s01-062-eur-francecentral", "migrationStage":"NotStarted", "server":"akswtt113000008"}}
{"logTime": "0326/052950", "correlationVector":"K/1QH54h0abKCADnnYjEO3.2","action":"Commit Response", "result":"Success", "context":Result: Success. cV=K/1QH54h0abKCADnnYjEO3.0;server=akswtt113000008;cloudType=Consumer;environment=Prod_francecentral_prod-s01-062-eur-francecentral;migrationStage=NotStarted}
{"logTime": "0326/053436", "correlationVector":"Cv1RThzPyL4wm2m006b0JD","action":"Normal GetUpdate request", "result":"", "context":cV=Cv1RThzPyL4wm2m006b0JD
Notified types: History}
{"logTime": "0326/053436", "correlationVector":"Cv1RThzPyL4wm2m006b0JD.1","action":"SyncServerConnectionManagerRequest", "result":"SYNC_SERVER_OK", "context":{"environment":"Prod_francecentral_prod-s01-062-eur-francecentral", "migrationStage":"NotStarted", "server":"akswtt11300000v"}}
{"logTime": "0326/053436", "correlationVector":"Cv1RThzPyL4wm2m006b0JD.2","action":"ProcessGetUpdates", "result":"Done", "context":{"dataType":"Sessions", "deleted":"0", "process_failed_to_decrypt":"0", "process_pending_decryption":"0", "process_success":"2", "total":"2"}}
{"logTime": "0326/053436", "correlationVector":"Cv1RThzPyL4wm2m006b0JD.3","action":"ProcessGetUpdates", "result":"Done", "context":{"dataType":"History", "deleted":"0", "process_failed_to_decrypt":"0", "process_pending_decryption":"0", "process_success":"8", "total":"8"}}
{"logTime": "0326/053436", "correlationVector":"Cv1RThzPyL4wm2m006b0JD.4","action":"GetUpdates Response", "result":"Success", "context":Received 10 update(s). cV=Cv1RThzPyL4wm2m006b0JD.0;server=akswtt11300000v;cloudType=Consumer;environment=Prod_francecentral_prod-s01-062-eur-francecentral;migrationStage=NotStarted}
{"logTime": "0326/053742", "correlationVector":"0RiDI3IgXkO7AUvPmwynUW","action":"Normal GetUpdate request", "result":"", "context":cV=0RiDI3IgXkO7AUvPmwynUW
Notified types: History}
{"logTime": "0326/053742", "correlationVector":"0RiDI3IgXkO7AUvPmwynUW.1","action":"SyncServerConnectionManagerRequest", "result":"SYNC_SERVER_OK", "context":{"environment":"Prod_francecentral_prod-s01-062-eur-francecentral", "migrationStage":"NotStarted", "server":"akswtt113000007"}}
{"logTime": "0326/053742", "correlationVector":"0RiDI3IgXkO7AUvPmwynUW.2","action":"ProcessGetUpdates", "result":"Done", "context":{"dataType":"Sessions", "deleted":"0", "process_failed_to_decrypt":"0", "process_pending_decryption":"0", "process_success":"1", "total":"1"}}
{"logTime": "0326/053742", "correlationVector":"0RiDI3IgXkO7AUvPmwynUW.3","action":"ProcessGetUpdates", "result":"Done", "context":{"dataType":"History", "deleted":"0", "process_failed_to_decrypt":"0", "process_pending_decryption":"0", "process_success":"3", "total":"3"}}
{"logTime": "0326/053742", "correlationVector":"0RiDI3IgXkO7AUvPmwynUW.4","action":"GetUpdates Response", "result":"Success", "context":Received 4 update(s). cV=0RiDI3IgXkO7AUvPmwynUW.0;server=akswtt113000007;cloudType=Consumer;environment=Prod_francecentral_prod-s01-062-eur-francecentral;migrationStage=NotStarted}
{"logTime": "0326/054014", "correlationVector":"Ql5CVlMn7ogQFYnmDO0qCw","action":"Normal GetUpdate request", "result":"", "context":cV=Ql5CVlMn7ogQFYnmDO0qCw
Nudged types: Sessions
Notified types: History}
{"logTime": "0326/054016", "correlationVector":"Ql5CVlMn7ogQFYnmDO0qCw.1","action":"SyncServerConnectionManagerRequest", "result":"SYNC_SERVER_OK", "context":{"environment":"Prod_francecentral_prod-s01-062-eur-francecentral", "migrationStage":"NotStarted", "server":"akswtt11300000r"}}
{"logTime": "0326/054016", "correlationVector":"Ql5CVlMn7ogQFYnmDO0qCw.2","action":"ProcessGetUpdates", "result":"Done", "context":{"dataType":"Sessions", "deleted":"0", "process_failed_to_decrypt":"0", "process_pending_decryption":"0", "process_success":"1", "total":"1"}}
{"logTime": "0326/054016", "correlationVector":"Ql5CVlMn7ogQFYnmDO0qCw.3","action":"ProcessGetUpdates", "result":"Done", "context":{"dataType":"History", "deleted":"0", "process_failed_to_decrypt":"0", "process_pending_decryption":"0", "process_success":"5", "total":"5"}}
{"logTime": "0326/054016", "correlationVector":"Ql5CVlMn7ogQFYnmDO0qCw.4","action":"GetUpdates Response", "result":"Success", "context":Received 6 update(s). cV=Ql5CVlMn7ogQFYnmDO0qCw.0;server=akswtt11300000r;cloudType=Consumer;environment=Prod_francecentral_prod-s01-062-eur-francecentral;migrationStage=NotStarted}
{"logTime": "0326/054016", "correlationVector":"lxNkKXOZIaFrd0zNHy/zyf","action":"Commit Request", "result":"", "context":Item count: 1
Contributing types: Sessions}
{"logTime": "0326/054016", "correlationVector":"lxNkKXOZIaFrd0zNHy/zyf.1","action":"SyncServerConnectionManagerRequest", "result":"SYNC_SERVER_OK", "context":{"environment":"Prod_francecentral_prod-s01-062-eur-francecentral", "migrationStage":"NotStarted", "server":"akswtt11300000f"}}
{"logTime": "0326/054016", "correlationVector":"lxNkKXOZIaFrd0zNHy/zyf.2","action":"Commit Response", "result":"Success", "context":Result: Success. cV=lxNkKXOZIaFrd0zNHy/zyf.0;server=akswtt11300000f;cloudType=Consumer;environment=Prod_francecentral_prod-s01-062-eur-francecentral;migrationStage=NotStarted}
{"logTime": "0326/054120", "correlationVector":"8UNpIeBgdoJHbabBuAabfi","action":"Normal GetUpdate request", "result":"", "context":cV=8UNpIeBgdoJHbabBuAabfi
Notified types: History}
{"logTime": "0326/054120", "correlationVector":"8UNpIeBgdoJHbabBuAabfi.1","action":"SyncServerConnectionManagerRequest", "result":"SYNC_SERVER_OK", "context":{"environment":"Prod_francecentral_prod-s01-062-eur-francecentral", "migrationStage":"NotStarted", "server":"akswtt113000016"}}
{"logTime": "0326/054120", "correlationVector":"8UNpIeBgdoJHbabBuAabfi.2","action":"ProcessGetUpdates", "result":"Done", "context":{"dataType":"Sessions", "deleted":"0", "process_failed_to_decrypt":"0", "process_pending_decryption":"0", "process_success":"2", "total":"2"}}
{"logTime": "0326/054120", "correlationVector":"8UNpIeBgdoJHbabBuAabfi.3","action":"ProcessGetUpdates", "result":"Done", "context":{"dataType":"History", "deleted":"0", "process_failed_to_decrypt":"0", "process_pending_decryption":"0", "process_success":"5", "total":"5"}}
{"logTime": "0326/054120", "correlationVector":"8UNpIeBgdoJHbabBuAabfi.4","action":"GetUpdates Response", "result":"Success", "context":Received 7 update(s). cV=8UNpIeBgdoJHbabBuAabfi.0;server=akswtt113000016;cloudType=Consumer;environment=Prod_francecentral_prod-s01-062-eur-francecentral;migrationStage=NotStarted}
{"logTime": "0326/054221", "correlationVector":"+qhdO+uNZ/gv4Fxss1bSVS","action":"Normal GetUpdate request", "result":"", "context":cV=+qhdO+uNZ/gv4Fxss1bSVS
Notified types: History}
{"logTime": "0326/054221", "correlationVector":"+qhdO+uNZ/gv4Fxss1bSVS.1","action":"SyncServerConnectionManagerRequest", "result":"SYNC_SERVER_OK", "context":{"environment":"Prod_francecentral_prod-s01-062-eur-francecentral", "migrationStage":"NotStarted", "server":"akswtt11300000f"}}
{"logTime": "0326/054221", "correlationVector":"+qhdO+uNZ/gv4Fxss1bSVS.2","action":"ProcessGetUpdates", "result":"Done", "context":{"dataType":"Sessions", "deleted":"0", "process_failed_to_decrypt":"0", "process_pending_decryption":"0", "process_success":"1", "total":"1"}}
{"logTime": "0326/054221", "correlationVector":"+qhdO+uNZ/gv4Fxss1bSVS.3","action":"ProcessGetUpdates", "result":"Done", "context":{"dataType":"History", "deleted":"0", "process_failed_to_decrypt":"0", "process_pending_decryption":"0", "process_success":"4", "total":"4"}}
{"logTime": "0326/054221", "correlationVector":"+qhdO+uNZ/gv4Fxss1bSVS.4","action":"GetUpdates Response", "result":"Success", "context":Received 5 update(s). cV=+qhdO+uNZ/gv4Fxss1bSVS.0;server=akswtt11300000f;cloudType=Consumer;environment=Prod_francecentral_prod-s01-062-eur-francecentral;migrationStage=NotStarted}
{"logTime": "0326/054442", "correlationVector":"JGcvltkiToaw+fxsl37lQD","action":"Normal GetUpdate request", "result":"", "context":cV=JGcvltkiToaw+fxsl37lQD
Notified types: History}
{"logTime": "0326/054443", "correlationVector":"JGcvltkiToaw+fxsl37lQD.1","action":"SyncServerConnectionManagerRequest", "result":"SYNC_SERVER_OK", "context":{"environment":"Prod_francecentral_prod-s01-062-eur-francecentral", "migrationStage":"NotStarted", "server":"akswtt11300000a"}}
{"logTime": "0326/054443", "correlationVector":"JGcvltkiToaw+fxsl37lQD.2","action":"ProcessGetUpdates", "result":"Done", "context":{"dataType":"Sessions", "deleted":"0", "process_failed_to_decrypt":"0", "process_pending_decryption":"0", "process_success":"1", "total":"1"}}
{"logTime": "0326/054443", "correlationVector":"JGcvltkiToaw+fxsl37lQD.3","action":"ProcessGetUpdates", "result":"Done", "context":{"dataType":"History", "deleted":"0", "process_failed_to_decrypt":"0", "process_pending_decryption":"0", "process_success":"4", "total":"4"}}
{"logTime": "0326/054443", "correlationVector":"JGcvltkiToaw+fxsl37lQD.4","action":"GetUpdates Response", "result":"Success", "context":Received 5 update(s). cV=JGcvltkiToaw+fxsl37lQD.0;server=akswtt11300000a;cloudType=Consumer;environment=Prod_francecentral_prod-s01-062-eur-francecentral;migrationStage=NotStarted}
{"logTime": "0326/054543", "correlationVector":"NW7kNfBKulK7dJsBgo5F0F","action":"Normal GetUpdate request", "result":"", "context":cV=NW7kNfBKulK7dJsBgo5F0F
Notified types: History}
{"logTime": "0326/054543", "correlationVector":"NW7kNfBKulK7dJsBgo5F0F.1","action":"SyncServerConnectionManagerRequest", "result":"SYNC_SERVER_OK", "context":{"environment":"Prod_francecentral_prod-s01-062-eur-francecentral", "migrationStage":"NotStarted", "server":"akswtt11300000d"}}
{"logTime": "0326/054543", "correlationVector":"NW7kNfBKulK7dJsBgo5F0F.2","action":"ProcessGetUpdates", "result":"Done", "context":{"dataType":"Sessions", "deleted":"0", "process_failed_to_decrypt":"0", "process_pending_decryption":"0", "process_success":"1", "total":"1"}}
{"logTime": "0326/054543", "correlationVector":"NW7kNfBKulK7dJsBgo5F0F.3","action":"ProcessGetUpdates", "result":"Done", "context":{"dataType":"History", "deleted":"0", "process_failed_to_decrypt":"0", "process_pending_decryption":"0", "process_success":"5", "total":"5"}}
{"logTime": "0326/054543", "correlationVector":"NW7kNfBKulK7dJsBgo5F0F.4","action":"GetUpdates Response", "result":"Success", "context":Received 6 update(s). cV=NW7kNfBKulK7dJsBgo5F0F.0;server=akswtt11300000d;cloudType=Consumer;environment=Prod_francecentral_prod-s01-062-eur-francecentral;migrationStage=NotStarted}
{"logTime": "0326/054754", "correlationVector":"6IneeuqbwjHbl8ILi7NYAs","action":"Normal GetUpdate request", "result":"", "context":cV=6IneeuqbwjHbl8ILi7NYAs
Notified types: History}
{"logTime": "0326/054755", "correlationVector":"6IneeuqbwjHbl8ILi7NYAs.1","action":"SyncServerConnectionManagerRequest", "result":"SYNC_SERVER_OK", "context":{"environment":"Prod_francecentral_prod-s01-062-eur-francecentral", "migrationStage":"NotStarted", "server":"akswtt11300000g"}}
{"logTime": "0326/054755", "correlationVector":"6IneeuqbwjHbl8ILi7NYAs.2","action":"ProcessGetUpdates", "result":"Done", "context":{"dataType":"Sessions", "deleted":"0", "process_failed_to_decrypt":"0", "process_pending_decryption":"0", "process_success":"1", "total":"1"}}
{"logTime": "0326/054755", "correlationVector":"6IneeuqbwjHbl8ILi7NYAs.3","action":"ProcessGetUpdates", "result":"Done", "context":{"dataType":"History", "deleted":"0", "process_failed_to_decrypt":"0", "process_pending_decryption":"0", "process_success":"3", "total":"3"}}
{"logTime": "0326/054755", "correlationVector":"6IneeuqbwjHbl8ILi7NYAs.4","action":"GetUpdates Response", "result":"Success", "context":Received 4 update(s). cV=6IneeuqbwjHbl8ILi7NYAs.0;server=akswtt11300000g;cloudType=Consumer;environment=Prod_francecentral_prod-s01-062-eur-francecentral;migrationStage=NotStarted}
{"logTime": "0326/054859", "correlationVector":"7jcc0TlwpIeYxnSN0Kqt8j","action":"Normal GetUpdate request", "result":"", "context":cV=7jcc0TlwpIeYxnSN0Kqt8j
Notified types: History}
{"logTime": "0326/054859", "correlationVector":"7jcc0TlwpIeYxnSN0Kqt8j.1","action":"SyncServerConnectionManagerRequest", "result":"SYNC_SERVER_OK", "context":{"environment":"Prod_francecentral_prod-s01-062-eur-francecentral", "migrationStage":"NotStarted", "server":"akswtt113000005"}}
{"logTime": "0326/054859", "correlationVector":"7jcc0TlwpIeYxnSN0Kqt8j.2","action":"ProcessGetUpdates", "result":"Done", "context":{"dataType":"Sessions", "deleted":"0", "process_failed_to_decrypt":"0", "process_pending_decryption":"0", "process_success":"1", "total":"1"}}
{"logTime": "0326/054859", "correlationVector":"7jcc0TlwpIeYxnSN0Kqt8j.3","action":"ProcessGetUpdates", "result":"Done", "context":{"dataType":"History", "deleted":"0", "process_failed_to_decrypt":"0", "process_pending_decryption":"0", "process_success":"5", "total":"5"}}
{"logTime": "0326/054859", "correlationVector":"7jcc0TlwpIeYxnSN0Kqt8j.4","action":"GetUpdates Response", "result":"Success", "context":Received 6 update(s). cV=7jcc0TlwpIeYxnSN0Kqt8j.0;server=akswtt113000005;cloudType=Consumer;environment=Prod_francecentral_prod-s01-062-eur-francecentral;migrationStage=NotStarted}
{"logTime": "0326/055027", "correlationVector":"NXpQekiMTRGm6Q4Yoi6/3z","action":"Normal GetUpdate request", "result":"", "context":cV=NXpQekiMTRGm6Q4Yoi6/3z
Notified types: History}
{"logTime": "0326/055028", "correlationVector":"NXpQekiMTRGm6Q4Yoi6/3z.1","action":"SyncServerConnectionManagerRequest", "result":"SYNC_SERVER_OK", "context":{"environment":"Prod_francecentral_prod-s01-062-eur-francecentral", "migrationStage":"NotStarted", "server":"akswtt11300000q"}}
{"logTime": "0326/055028", "correlationVector":"NXpQekiMTRGm6Q4Yoi6/3z.2","action":"ProcessGetUpdates", "result":"Done", "context":{"dataType":"Sessions", "deleted":"0", "process_failed_to_decrypt":"0", "process_pending_decryption":"0", "process_success":"1", "total":"1"}}
{"logTime": "0326/055028", "correlationVector":"NXpQekiMTRGm6Q4Yoi6/3z.3","action":"ProcessGetUpdates", "result":"Done", "context":{"dataType":"History", "deleted":"0", "process_failed_to_decrypt":"0", "process_pending_decryption":"0", "process_success":"9", "total":"9"}}
{"logTime": "0326/055028", "correlationVector":"NXpQekiMTRGm6Q4Yoi6/3z.4","action":"GetUpdates Response", "result":"Success", "context":Received 10 update(s). cV=NXpQekiMTRGm6Q4Yoi6/3z.0;server=akswtt11300000q;cloudType=Consumer;environment=Prod_francecentral_prod-s01-062-eur-francecentral;migrationStage=NotStarted}
{"logTime": "0326/055137", "correlationVector":"QhwJ+RYBToK9cgmAVkA5DX","action":"Normal GetUpdate request", "result":"", "context":cV=QhwJ+RYBToK9cgmAVkA5DX
Notified types: History}
{"logTime": "0326/055137", "correlationVector":"QhwJ+RYBToK9cgmAVkA5DX.1","action":"SyncServerConnectionManagerRequest", "result":"SYNC_SERVER_OK", "context":{"environment":"Prod_francecentral_prod-s01-062-eur-francecentral", "migrationStage":"NotStarted", "server":"akswtt113000018"}}
{"logTime": "0326/055137", "correlationVector":"QhwJ+RYBToK9cgmAVkA5DX.2","action":"ProcessGetUpdates", "result":"Done", "context":{"dataType":"Sessions", "deleted":"0", "process_failed_to_decrypt":"0", "process_pending_decryption":"0", "process_success":"1", "total":"1"}}
{"logTime": "0326/055137", "correlationVector":"QhwJ+RYBToK9cgmAVkA5DX.3","action":"ProcessGetUpdates", "result":"Done", "context":{"dataType":"History", "deleted":"0", "process_failed_to_decrypt":"0", "process_pending_decryption":"0", "process_success":"6", "total":"6"}}
{"logTime": "0326/055137", "correlationVector":"QhwJ+RYBToK9cgmAVkA5DX.4","action":"GetUpdates Response", "result":"Success", "context":Received 7 update(s). cV=QhwJ+RYBToK9cgmAVkA5DX.0;server=akswtt113000018;cloudType=Consumer;environment=Prod_francecentral_prod-s01-062-eur-francecentral;migrationStage=NotStarted}
{"logTime": "0326/055455", "correlationVector":"34EV1hRWZ3rGzLSS+vttl3","action":"Normal GetUpdate request", "result":"", "context":cV=34EV1hRWZ3rGzLSS+vttl3
Nudged types: Sessions
Notified types: History}
{"logTime": "0326/055455", "correlationVector":"34EV1hRWZ3rGzLSS+vttl3.1","action":"SyncServerConnectionManagerRequest", "result":"SYNC_SERVER_OK", "context":{"environment":"Prod_francecentral_prod-s01-062-eur-francecentral", "migrationStage":"NotStarted", "server":"akswtt11300000j"}}
{"logTime": "0326/055455", "correlationVector":"34EV1hRWZ3rGzLSS+vttl3.2","action":"ProcessGetUpdates", "result":"Done", "context":{"dataType":"Sessions", "deleted":"0", "process_failed_to_decrypt":"0", "process_pending_decryption":"0", "process_success":"1", "total":"1"}}
{"logTime": "0326/055455", "correlationVector":"34EV1hRWZ3rGzLSS+vttl3.3","action":"ProcessGetUpdates", "result":"Done", "context":{"dataType":"History", "deleted":"0", "process_failed_to_decrypt":"0", "process_pending_decryption":"0", "process_success":"3", "total":"3"}}
{"logTime": "0326/055455", "correlationVector":"34EV1hRWZ3rGzLSS+vttl3.4","action":"GetUpdates Response", "result":"Success", "context":Received 4 update(s). cV=34EV1hRWZ3rGzLSS+vttl3.0;server=akswtt11300000j;cloudType=Consumer;environment=Prod_francecentral_prod-s01-062-eur-francecentral;migrationStage=NotStarted}
{"logTime": "0326/055456", "correlationVector":"seEaaw0mcanOW/ID1Y1vez","action":"Commit Request", "result":"", "context":Item count: 1
Contributing types: Sessions}
{"logTime": "0326/055456", "correlationVector":"seEaaw0mcanOW/ID1Y1vez.1","action":"SyncServerConnectionManagerRequest", "result":"SYNC_SERVER_OK", "context":{"environment":"Prod_francecentral_prod-s01-062-eur-francecentral", "migrationStage":"NotStarted", "server":"akswtt113000016"}}
{"logTime": "0326/055456", "correlationVector":"seEaaw0mcanOW/ID1Y1vez.2","action":"Commit Response", "result":"Success", "context":Result: Success. cV=seEaaw0mcanOW/ID1Y1vez.0;server=akswtt113000016;cloudType=Consumer;environment=Prod_francecentral_prod-s01-062-eur-francecentral;migrationStage=NotStarted}
{"logTime": "0326/055556", "correlationVector":"McqNGw+sjBxcodADxY9G+l","action":"Commit Request", "result":"", "context":Item count: 5
Contributing types: Sessions, History}
{"logTime": "0326/055556", "correlationVector":"McqNGw+sjBxcodADxY9G+l.1","action":"SyncServerConnectionManagerRequest", "result":"SYNC_SERVER_OK", "context":{"environment":"Prod_francecentral_prod-s01-062-eur-francecentral", "migrationStage":"NotStarted", "server":"akswtt11300000d"}}
{"logTime": "0326/055556", "correlationVector":"McqNGw+sjBxcodADxY9G+l.2","action":"Commit Response", "result":"Success", "context":Result: Success. cV=McqNGw+sjBxcodADxY9G+l.0;server=akswtt11300000d;cloudType=Consumer;environment=Prod_francecentral_prod-s01-062-eur-francecentral;migrationStage=NotStarted}
{"logTime": "0326/055736", "correlationVector":"I+QiVSdir4C5I0hpV4KIRb","action":"Normal GetUpdate request", "result":"", "context":cV=I+QiVSdir4C5I0hpV4KIRb
Notified types: History}
{"logTime": "0326/055736", "correlationVector":"I+QiVSdir4C5I0hpV4KIRb.1","action":"SyncServerConnectionManagerRequest", "result":"SYNC_SERVER_OK", "context":{"environment":"Prod_francecentral_prod-s01-062-eur-francecentral", "migrationStage":"NotStarted", "server":"akswtt11300000e"}}
{"logTime": "0326/055736", "correlationVector":"I+QiVSdir4C5I0hpV4KIRb.2","action":"ProcessGetUpdates", "result":"Done", "context":{"dataType":"Sessions", "deleted":"0", "process_failed_to_decrypt":"0", "process_pending_decryption":"0", "process_success":"2", "total":"2"}}
{"logTime": "0326/055736", "correlationVector":"I+QiVSdir4C5I0hpV4KIRb.3","action":"ProcessGetUpdates", "result":"Done", "context":{"dataType":"History", "deleted":"0", "process_failed_to_decrypt":"0", "process_pending_decryption":"0", "process_success":"7", "total":"7"}}
{"logTime": "0326/055736", "correlationVector":"I+QiVSdir4C5I0hpV4KIRb.4","action":"GetUpdates Response", "result":"Success", "context":Received 9 update(s). cV=I+QiVSdir4C5I0hpV4KIRb.0;server=akswtt11300000e;cloudType=Consumer;environment=Prod_francecentral_prod-s01-062-eur-francecentral;migrationStage=NotStarted}
{"logTime": "0326/060124", "correlationVector":"+rFJcCnT2bezFuUOwQNqFB","action":"Normal GetUpdate request", "result":"", "context":cV=+rFJcCnT2bezFuUOwQNqFB
Notified types: History}
{"logTime": "0326/060125", "correlationVector":"+rFJcCnT2bezFuUOwQNqFB.1","action":"SyncServerConnectionManagerRequest", "result":"SYNC_SERVER_OK", "context":{"environment":"Prod_francecentral_prod-s01-062-eur-francecentral", "migrationStage":"NotStarted", "server":"akswtt113000002"}}
{"logTime": "0326/060125", "correlationVector":"+rFJcCnT2bezFuUOwQNqFB.2","action":"ProcessGetUpdates", "result":"Done", "context":{"dataType":"Sessions", "deleted":"0", "process_failed_to_decrypt":"0", "process_pending_decryption":"0", "process_success":"2", "total":"2"}}
{"logTime": "0326/060125", "correlationVector":"+rFJcCnT2bezFuUOwQNqFB.3","action":"ProcessGetUpdates", "result":"Done", "context":{"dataType":"History", "deleted":"0", "process_failed_to_decrypt":"0", "process_pending_decryption":"0", "process_success":"3", "total":"3"}}
{"logTime": "0326/060125", "correlationVector":"+rFJcCnT2bezFuUOwQNqFB.4","action":"GetUpdates Response", "result":"Success", "context":Received 5 update(s). cV=+rFJcCnT2bezFuUOwQNqFB.0;server=akswtt113000002;cloudType=Consumer;environment=Prod_francecentral_prod-s01-062-eur-francecentral;migrationStage=NotStarted}
{"logTime": "0326/060228", "correlationVector":"9wAsNAsr1S1XqHol1pwctb","action":"Normal GetUpdate request", "result":"", "context":cV=9wAsNAsr1S1XqHol1pwctb
Notified types: History}
{"logTime": "0326/060228", "correlationVector":"9wAsNAsr1S1XqHol1pwctb.1","action":"SyncServerConnectionManagerRequest", "result":"SYNC_SERVER_OK", "context":{"environment":"Prod_francecentral_prod-s01-062-eur-francecentral", "migrationStage":"NotStarted", "server":"akswtt11300000l"}}
{"logTime": "0326/060228", "correlationVector":"9wAsNAsr1S1XqHol1pwctb.2","action":"ProcessGetUpdates", "result":"Done", "context":{"dataType":"Sessions", "deleted":"0", "process_failed_to_decrypt":"0", "process_pending_decryption":"0", "process_success":"1", "total":"1"}}
{"logTime": "0326/060228", "correlationVector":"9wAsNAsr1S1XqHol1pwctb.3","action":"ProcessGetUpdates", "result":"Done", "context":{"dataType":"History", "deleted":"0", "process_failed_to_decrypt":"0", "process_pending_decryption":"0", "process_success":"3", "total":"3"}}
{"logTime": "0326/060228", "correlationVector":"9wAsNAsr1S1XqHol1pwctb.4","action":"GetUpdates Response", "result":"Success", "context":Received 4 update(s). cV=9wAsNAsr1S1XqHol1pwctb.0;server=akswtt11300000l;cloudType=Consumer;environment=Prod_francecentral_prod-s01-062-eur-francecentral;migrationStage=NotStarted}
{"logTime": "0326/060421", "correlationVector":"a23Na2BBypvurJJtO2hG60","action":"Normal GetUpdate request", "result":"", "context":cV=a23Na2BBypvurJJtO2hG60
Notified types: History}
{"logTime": "0326/060421", "correlationVector":"a23Na2BBypvurJJtO2hG60.1","action":"SyncServerConnectionManagerRequest", "result":"SYNC_SERVER_OK", "context":{"environment":"Prod_francecentral_prod-s01-062-eur-francecentral", "migrationStage":"NotStarted", "server":"akswtt113000016"}}
{"logTime": "0326/060421", "correlationVector":"a23Na2BBypvurJJtO2hG60.2","action":"ProcessGetUpdates", "result":"Done", "context":{"dataType":"Sessions", "deleted":"0", "process_failed_to_decrypt":"0", "process_pending_decryption":"0", "process_success":"1", "total":"1"}}
{"logTime": "0326/060421", "correlationVector":"a23Na2BBypvurJJtO2hG60.3","action":"ProcessGetUpdates", "result":"Done", "context":{"dataType":"History", "deleted":"0", "process_failed_to_decrypt":"0", "process_pending_decryption":"0", "process_success":"5", "total":"5"}}
{"logTime": "0326/060421", "correlationVector":"a23Na2BBypvurJJtO2hG60.4","action":"GetUpdates Response", "result":"Success", "context":Received 6 update(s). cV=a23Na2BBypvurJJtO2hG60.0;server=akswtt113000016;cloudType=Consumer;environment=Prod_francecentral_prod-s01-062-eur-francecentral;migrationStage=NotStarted}
{"logTime": "0326/060605", "correlationVector":"f5K6OFdF2BEWKigUQPIiRQ","action":"Normal GetUpdate request", "result":"", "context":cV=f5K6OFdF2BEWKigUQPIiRQ
Notified types: History}
{"logTime": "0326/060605", "correlationVector":"f5K6OFdF2BEWKigUQPIiRQ.1","action":"SyncServerConnectionManagerRequest", "result":"SYNC_SERVER_OK", "context":{"environment":"Prod_francecentral_prod-s01-062-eur-francecentral", "migrationStage":"NotStarted", "server":"akswtt11300000h"}}
{"logTime": "0326/060605", "correlationVector":"f5K6OFdF2BEWKigUQPIiRQ.2","action":"ProcessGetUpdates", "result":"Done", "context":{"dataType":"Sessions", "deleted":"0", "process_failed_to_decrypt":"0", "process_pending_decryption":"0", "process_success":"1", "total":"1"}}
{"logTime": "0326/060605", "correlationVector":"f5K6OFdF2BEWKigUQPIiRQ.3","action":"ProcessGetUpdates", "result":"Done", "context":{"dataType":"History", "deleted":"0", "process_failed_to_decrypt":"0", "process_pending_decryption":"0", "process_success":"3", "total":"3"}}
{"logTime": "0326/060605", "correlationVector":"f5K6OFdF2BEWKigUQPIiRQ.4","action":"GetUpdates Response", "result":"Success", "context":Received 4 update(s). cV=f5K6OFdF2BEWKigUQPIiRQ.0;server=akswtt11300000h;cloudType=Consumer;environment=Prod_francecentral_prod-s01-062-eur-francecentral;migrationStage=NotStarted}
{"logTime": "0326/060843", "correlationVector":"blm7XtdVb1eTHZhwwkWcwJ","action":"Commit Request", "result":"", "context":Item count: 1
Contributing types: Sessions}
{"logTime": "0326/060843", "correlationVector":"blm7XtdVb1eTHZhwwkWcwJ.1","action":"SyncServerConnectionManagerRequest", "result":"SYNC_SERVER_OK", "context":{"environment":"Prod_francecentral_prod-s01-062-eur-francecentral", "migrationStage":"NotStarted", "server":"akswtt11300000h"}}
{"logTime": "0326/060843", "correlationVector":"blm7XtdVb1eTHZhwwkWcwJ.2","action":"Commit Response", "result":"Success", "context":Result: Success. cV=blm7XtdVb1eTHZhwwkWcwJ.0;server=akswtt11300000h;cloudType=Consumer;environment=Prod_francecentral_prod-s01-062-eur-francecentral;migrationStage=NotStarted}
{"logTime": "0326/061002", "correlationVector":"hNbr8P5NcGOhj3nDiYFSJy","action":"Normal GetUpdate request", "result":"", "context":cV=hNbr8P5NcGOhj3nDiYFSJy
Notified types: History}
{"logTime": "0326/061002", "correlationVector":"hNbr8P5NcGOhj3nDiYFSJy.1","action":"SyncServerConnectionManagerRequest", "result":"SYNC_SERVER_OK", "context":{"environment":"Prod_francecentral_prod-s01-062-eur-francecentral", "migrationStage":"NotStarted", "server":"akswtt11300000d"}}
{"logTime": "0326/061002", "correlationVector":"hNbr8P5NcGOhj3nDiYFSJy.2","action":"ProcessGetUpdates", "result":"Done", "context":{"dataType":"Sessions", "deleted":"0", "process_failed_to_decrypt":"0", "process_pending_decryption":"0", "process_success":"2", "total":"2"}}
{"logTime": "0326/061002", "correlationVector":"hNbr8P5NcGOhj3nDiYFSJy.3","action":"ProcessGetUpdates", "result":"Done", "context":{"dataType":"History", "deleted":"0", "process_failed_to_decrypt":"0", "process_pending_decryption":"0", "process_success":"3", "total":"3"}}
{"logTime": "0326/061002", "correlationVector":"hNbr8P5NcGOhj3nDiYFSJy.4","action":"GetUpdates Response", "result":"Success", "context":Received 5 update(s). cV=hNbr8P5NcGOhj3nDiYFSJy.0;server=akswtt11300000d;cloudType=Consumer;environment=Prod_francecentral_prod-s01-062-eur-francecentral;migrationStage=NotStarted}
{"logTime": "0326/061513", "correlationVector":"XvrKkE2WSGgyIebN+I0DIe","action":"Commit Request", "result":"", "context":Item count: 3
Contributing types: Sessions, History}
{"logTime": "0326/061513", "correlationVector":"XvrKkE2WSGgyIebN+I0DIe.1","action":"SyncServerConnectionManagerRequest", "result":"SYNC_SERVER_OK", "context":{"environment":"Prod_francecentral_prod-s01-062-eur-francecentral", "migrationStage":"NotStarted", "server":"akswtt11300000o"}}
{"logTime": "0326/061513", "correlationVector":"XvrKkE2WSGgyIebN+I0DIe.2","action":"Commit Response", "result":"Success", "context":Result: Success. cV=XvrKkE2WSGgyIebN+I0DIe.0;server=akswtt11300000o;cloudType=Consumer;environment=Prod_francecentral_prod-s01-062-eur-francecentral;migrationStage=NotStarted}
{"logTime": "0326/061639", "correlationVector":"XPWFA9L0ldvsS1+BXqKPAX","action":"Normal GetUpdate request", "result":"", "context":cV=XPWFA9L0ldvsS1+BXqKPAX
Notified types: History}
{"logTime": "0326/061639", "correlationVector":"XPWFA9L0ldvsS1+BXqKPAX.1","action":"SyncServerConnectionManagerRequest", "result":"SYNC_SERVER_OK", "context":{"environment":"Prod_francecentral_prod-s01-062-eur-francecentral", "migrationStage":"NotStarted", "server":"akswtt113000006"}}
{"logTime": "0326/061639", "correlationVector":"XPWFA9L0ldvsS1+BXqKPAX.2","action":"ProcessGetUpdates", "result":"Done", "context":{"dataType":"Sessions", "deleted":"0", "process_failed_to_decrypt":"0", "process_pending_decryption":"0", "process_success":"2", "total":"2"}}
{"logTime": "0326/061639", "correlationVector":"XPWFA9L0ldvsS1+BXqKPAX.3","action":"ProcessGetUpdates", "result":"Done", "context":{"dataType":"History", "deleted":"0", "process_failed_to_decrypt":"0", "process_pending_decryption":"0", "process_success":"5", "total":"5"}}
{"logTime": "0326/061639", "correlationVector":"XPWFA9L0ldvsS1+BXqKPAX.4","action":"GetUpdates Response", "result":"Success", "context":Received 7 update(s). cV=XPWFA9L0ldvsS1+BXqKPAX.0;server=akswtt113000006;cloudType=Consumer;environment=Prod_francecentral_prod-s01-062-eur-francecentral;migrationStage=NotStarted}
{"logTime": "0326/061831", "correlationVector":"+Vbh1YfObwgqBS7X4i0bEJ","action":"Normal GetUpdate request", "result":"", "context":cV=+Vbh1YfObwgqBS7X4i0bEJ
Notified types: History}
{"logTime": "0326/061831", "correlationVector":"+Vbh1YfObwgqBS7X4i0bEJ.1","action":"SyncServerConnectionManagerRequest", "result":"SYNC_SERVER_OK", "context":{"environment":"Prod_francecentral_prod-s01-062-eur-francecentral", "migrationStage":"NotStarted", "server":"akswtt113000005"}}
{"logTime": "0326/061831", "correlationVector":"+Vbh1YfObwgqBS7X4i0bEJ.2","action":"ProcessGetUpdates", "result":"Done", "context":{"dataType":"Sessions", "deleted":"0", "process_failed_to_decrypt":"0", "process_pending_decryption":"0", "process_success":"1", "total":"1"}}
{"logTime": "0326/061831", "correlationVector":"+Vbh1YfObwgqBS7X4i0bEJ.3","action":"ProcessGetUpdates", "result":"Done", "context":{"dataType":"History", "deleted":"0", "process_failed_to_decrypt":"0", "process_pending_decryption":"0", "process_success":"5", "total":"5"}}
{"logTime": "0326/061831", "correlationVector":"+Vbh1YfObwgqBS7X4i0bEJ.4","action":"GetUpdates Response", "result":"Success", "context":Received 6 update(s). cV=+Vbh1YfObwgqBS7X4i0bEJ.0;server=akswtt113000005;cloudType=Consumer;environment=Prod_francecentral_prod-s01-062-eur-francecentral;migrationStage=NotStarted}
{"logTime": "0326/062101", "correlationVector":"iTDNyo/2s80rps893+XZ4B","action":"Commit Request", "result":"", "context":Item count: 1
Contributing types: Sessions}
{"logTime": "0326/062101", "correlationVector":"iTDNyo/2s80rps893+XZ4B.1","action":"SyncServerConnectionManagerRequest", "result":"SYNC_SERVER_OK", "context":{"environment":"Prod_francecentral_prod-s01-062-eur-francecentral", "migrationStage":"NotStarted", "server":"akswtt113000003"}}
{"logTime": "0326/062101", "correlationVector":"iTDNyo/2s80rps893+XZ4B.2","action":"Commit Response", "result":"Success", "context":Result: Success. cV=iTDNyo/2s80rps893+XZ4B.0;server=akswtt113000003;cloudType=Consumer;environment=Prod_francecentral_prod-s01-062-eur-francecentral;migrationStage=NotStarted}
{"logTime": "0326/062342", "correlationVector":"4sqtv7KDQiSCcmqqP+gQEO","action":"Normal GetUpdate request", "result":"", "context":cV=4sqtv7KDQiSCcmqqP+gQEO
Notified types: History}
{"logTime": "0326/062343", "correlationVector":"4sqtv7KDQiSCcmqqP+gQEO.1","action":"SyncServerConnectionManagerRequest", "result":"SYNC_SERVER_OK", "context":{"environment":"Prod_francecentral_prod-s01-062-eur-francecentral", "migrationStage":"NotStarted", "server":"akswtt113000011"}}
{"logTime": "0326/062343", "correlationVector":"4sqtv7KDQiSCcmqqP+gQEO.2","action":"ProcessGetUpdates", "result":"Done", "context":{"dataType":"Sessions", "deleted":"0", "process_failed_to_decrypt":"0", "process_pending_decryption":"0", "process_success":"2", "total":"2"}}
{"logTime": "0326/062343", "correlationVector":"4sqtv7KDQiSCcmqqP+gQEO.3","action":"ProcessGetUpdates", "result":"Done", "context":{"dataType":"History", "deleted":"0", "process_failed_to_decrypt":"0", "process_pending_decryption":"0", "process_success":"3", "total":"3"}}
{"logTime": "0326/062343", "correlationVector":"4sqtv7KDQiSCcmqqP+gQEO.4","action":"GetUpdates Response", "result":"Success", "context":Received 5 update(s). cV=4sqtv7KDQiSCcmqqP+gQEO.0;server=akswtt113000011;cloudType=Consumer;environment=Prod_francecentral_prod-s01-062-eur-francecentral;migrationStage=NotStarted}
{"logTime": "0326/062843", "correlationVector":"i6xHoL1oEYYkHE1imSWjW5","action":"Commit Request", "result":"", "context":Item count: 1
Contributing types: Sessions}
{"logTime": "0326/062844", "correlationVector":"i6xHoL1oEYYkHE1imSWjW5.1","action":"SyncServerConnectionManagerRequest", "result":"SYNC_SERVER_OK", "context":{"environment":"Prod_francecentral_prod-s01-062-eur-francecentral", "migrationStage":"NotStarted", "server":"akswtt113000006"}}
{"logTime": "0326/062844", "correlationVector":"i6xHoL1oEYYkHE1imSWjW5.2","action":"Commit Response", "result":"Success", "context":Result: Success. cV=i6xHoL1oEYYkHE1imSWjW5.0;server=akswtt113000006;cloudType=Consumer;environment=Prod_francecentral_prod-s01-062-eur-francecentral;migrationStage=NotStarted}
{"logTime": "0326/063152", "correlationVector":"7DUp3dIS+TOt1rKV6q9hzJ","action":"Normal GetUpdate request", "result":"", "context":cV=7DUp3dIS+TOt1rKV6q9hzJ
Nudged types: Sessions
Notified types: History}
{"logTime": "0326/063153", "correlationVector":"7DUp3dIS+TOt1rKV6q9hzJ.1","action":"SyncServerConnectionManagerRequest", "result":"SYNC_SERVER_OK", "context":{"environment":"Prod_francecentral_prod-s01-062-eur-francecentral", "migrationStage":"NotStarted", "server":"akswtt11300000d"}}
{"logTime": "0326/063153", "correlationVector":"7DUp3dIS+TOt1rKV6q9hzJ.2","action":"ProcessGetUpdates", "result":"Done", "context":{"dataType":"Sessions", "deleted":"0", "process_failed_to_decrypt":"0", "process_pending_decryption":"0", "process_success":"2", "total":"2"}}
{"logTime": "0326/063153", "correlationVector":"7DUp3dIS+TOt1rKV6q9hzJ.3","action":"ProcessGetUpdates", "result":"Done", "context":{"dataType":"History", "deleted":"0", "process_failed_to_decrypt":"0", "process_pending_decryption":"0", "process_success":"3", "total":"3"}}
{"logTime": "0326/063153", "correlationVector":"7DUp3dIS+TOt1rKV6q9hzJ.4","action":"GetUpdates Response", "result":"Success", "context":Received 5 update(s). cV=7DUp3dIS+TOt1rKV6q9hzJ.0;server=akswtt11300000d;cloudType=Consumer;environment=Prod_francecentral_prod-s01-062-eur-francecentral;migrationStage=NotStarted}
{"logTime": "0326/063153", "correlationVector":"70zl/eju1chDG6vcD7RNHL","action":"Commit Request", "result":"", "context":Item count: 1
Contributing types: Sessions}
{"logTime": "0326/063153", "correlationVector":"70zl/eju1chDG6vcD7RNHL.1","action":"SyncServerConnectionManagerRequest", "result":"SYNC_SERVER_OK", "context":{"environment":"Prod_francecentral_prod-s01-062-eur-francecentral", "migrationStage":"NotStarted", "server":"akswtt11300000j"}}
{"logTime": "0326/063153", "correlationVector":"70zl/eju1chDG6vcD7RNHL.2","action":"Commit Response", "result":"Success", "context":Result: Success. cV=70zl/eju1chDG6vcD7RNHL.0;server=akswtt11300000j;cloudType=Consumer;environment=Prod_francecentral_prod-s01-062-eur-francecentral;migrationStage=NotStarted}
{"logTime": "0326/063348", "correlationVector":"A5+GxrxYZNypi+a0GCx8Qm","action":"Normal GetUpdate request", "result":"", "context":cV=A5+GxrxYZNypi+a0GCx8Qm
Notified types: History}
{"logTime": "0326/063348", "correlationVector":"A5+GxrxYZNypi+a0GCx8Qm.1","action":"SyncServerConnectionManagerRequest", "result":"SYNC_SERVER_OK", "context":{"environment":"Prod_francecentral_prod-s01-062-eur-francecentral", "migrationStage":"NotStarted", "server":"akswtt11300000c"}}
{"logTime": "0326/063348", "correlationVector":"A5+GxrxYZNypi+a0GCx8Qm.2","action":"ProcessGetUpdates", "result":"Done", "context":{"dataType":"Sessions", "deleted":"0", "process_failed_to_decrypt":"0", "process_pending_decryption":"0", "process_success":"2", "total":"2"}}
{"logTime": "0326/063348", "correlationVector":"A5+GxrxYZNypi+a0GCx8Qm.3","action":"ProcessGetUpdates", "result":"Done", "context":{"dataType":"History", "deleted":"0", "process_failed_to_decrypt":"0", "process_pending_decryption":"0", "process_success":"3", "total":"3"}}
{"logTime": "0326/063348", "correlationVector":"A5+GxrxYZNypi+a0GCx8Qm.4","action":"GetUpdates Response", "result":"Success", "context":Received 5 update(s). cV=A5+GxrxYZNypi+a0GCx8Qm.0;server=akswtt11300000c;cloudType=Consumer;environment=Prod_francecentral_prod-s01-062-eur-francecentral;migrationStage=NotStarted}
{"logTime": "0326/063658", "correlationVector":"ZS15IcRoHn8aylOtqDr1eH.1","action":"SyncServerConnectionManagerRequest", "result":"SYNC_SERVER_OK", "context":{"environment":"Prod_francecentral_prod-s01-062-eur-francecentral", "migrationStage":"NotStarted", "server":"akswtt11300000e"}}
{"logTime": "0326/063658", "correlationVector":"ZS15IcRoHn8aylOtqDr1eH.2","action":"ProcessGetUpdates", "result":"Done", "context":{"dataType":"Encryption Keys", "deleted":"0", "process_failed_to_decrypt":"0", "process_pending_decryption":"0", "process_success":"1", "total":"1"}}
{"logTime": "0326/063659", "correlationVector":"HCcNw4GZhEeIrc4mz939D2","action":"SyncServerConnectionManagerRequest", "result":"SYNC_SERVER_OK", "context":{"environment":"", "migrationStage":"", "server":""}}
{"logTime": "0326/063659", "correlationVector":"HCcNw4GZhEeIrc4mz939D2.0","action":"EncryptionKeysFetcher.DownloadKeys:", "result":"Success", "context":Key count: 5, Last key timestamp: 2026-03-21T06:37:35Z}
{"logTime": "0326/063659", "correlationVector":"HCcNw4GZhEeIrc4mz939D2.1","action":"EncryptionKeysManager::SetEncryptionKeys:", "result":"Success", "context":Key names[5]:[YO3IsdQwH+DXO9xWuN6Fo+pFb67XRRavrjRFEacNkaLtjBBm2NILDWt6xeMxgS7l/up/ti6jOkjbwp79rU9nNA==][Lf2IfUxYURP8P6GY8zkCb3Sl9OwGzCkOIab+tzL4UyW6VrckspaPLvhBy86uiAnX7p6ciPZU7ZMkbesJpoM3eQ==][3OGC2fEfkdS0iNW91pwUKJiYRWx9bsKaSLMjgSoG7p4kSdVNosJg/oRTWh/On0579mQfxl6+YMXqihcK8FVJ1w==][OdJsTcGfX4TpQREAV0CdIFuYCwpC+iSfiox5ylW8j3wJcbNF8KAcA34uucNPzQO2UrNgndKhP/bT8NfBZlBCXw==][brYbknTx08gll2InSivn0S8qwdS9PLM+lmDf5mGy6lonQvi04MFpkKBqzoG65fp9vfvmpIDuWDi6MG1OzsHHxw==]}
{"logTime": "0326/063659", "correlationVector":"HCcNw4GZhEeIrc4mz939D2.2","action":"EncryptionKeysManager::SetEncryptionKeysWithTimestamps:", "result":"Success", "context":Key timestamps[5]:[2023-05-09T22:07:44Z][2023-06-28T18:31:26Z][2024-04-14T06:22:34Z][2025-09-20T17:26:55Z][2026-03-21T06:37:35Z]}
{"logTime": "0326/063659", "correlationVector":"ZS15IcRoHn8aylOtqDr1eH","action":"Initial GetUpdates", "result":"", "context":Reason: NEW_CLIENT. cV=ZS15IcRoHn8aylOtqDr1eH}
{"logTime": "0326/063659", "correlationVector":"ZS15IcRoHn8aylOtqDr1eH.3","action":"GetUpdates Response", "result":"Success", "context":Received 1 update(s). cV=ZS15IcRoHn8aylOtqDr1eH.0;server=akswtt11300000e;cloudType=Consumer;environment=Prod_francecentral_prod-s01-062-eur-francecentral;migrationStage=NotStarted}
{"logTime": "0326/063659", "correlationVector":"5c5HIZVm3XTzqeosjSa7FC","action":"Initial GetUpdates", "result":"", "context":Reason: NEWLY_SUPPORTED_DATATYPE. cV=5c5HIZVm3XTzqeosjSa7FC}
{"logTime": "0326/063659", "correlationVector":"5c5HIZVm3XTzqeosjSa7FC.1","action":"SyncServerConnectionManagerRequest", "result":"SYNC_SERVER_OK", "context":{"environment":"Prod_francecentral_prod-s01-062-eur-francecentral", "migrationStage":"NotStarted", "server":"akswtt11300000v"}}
{"logTime": "0326/063659", "correlationVector":"5c5HIZVm3XTzqeosjSa7FC.2","action":"ProcessGetUpdates", "result":"Done", "context":{"dataType":"Passwords", "deleted":"1", "process_failed_to_decrypt":"0", "process_pending_decryption":"0", "process_success":"25", "total":"25"}}
{"logTime": "0326/063659", "correlationVector":"5c5HIZVm3XTzqeosjSa7FC.3","action":"GetUpdates Response", "result":"Success", "context":Received 25 update(s). cV=5c5HIZVm3XTzqeosjSa7FC.0;server=akswtt11300000v;cloudType=Consumer;environment=Prod_francecentral_prod-s01-062-eur-francecentral;migrationStage=NotStarted}
{"logTime": "0326/063659", "correlationVector":"vBsoD3M7aXFKmhF5FcPkNH","action":"Normal GetUpdate request", "result":"", "context":cV=vBsoD3M7aXFKmhF5FcPkNH
Nudged types: Sessions, Device Info, History
Refresh requested types: Bookmarks, Preferences, Passwords, Autofill Profiles, Autofill, Extensions, Sessions, Extension settings, History Delete Directives, Device Info, User Consents, Send Tab To Self, Web Apps, History, Saved Tab Group, WebAuthn Credentials, Collection, Edge E Drop, Edge Hub App Usage, Edge Wallet, Edge Workspace, Encryption Keys}
{"logTime": "0326/063659", "correlationVector":"vBsoD3M7aXFKmhF5FcPkNH.1","action":"SyncServerConnectionManagerRequest", "result":"SYNC_SERVER_OK", "context":{"environment":"Prod_francecentral_prod-s01-062-eur-francecentral", "migrationStage":"NotStarted", "server":"akswtt113000011"}}
{"logTime": "0326/063659", "correlationVector":"vBsoD3M7aXFKmhF5FcPkNH.2","action":"ProcessGetUpdates", "result":"Done", "context":{"dataType":"Sessions", "deleted":"0", "process_failed_to_decrypt":"0", "process_pending_decryption":"0", "process_success":"1", "total":"1"}}
{"logTime": "0326/063659", "correlationVector":"vBsoD3M7aXFKmhF5FcPkNH.3","action":"ProcessGetUpdates", "result":"Done", "context":{"dataType":"History", "deleted":"0", "process_failed_to_decrypt":"0", "process_pending_decryption":"0", "process_success":"3", "total":"3"}}
{"logTime": "0326/063659", "correlationVector":"vBsoD3M7aXFKmhF5FcPkNH.4","action":"GetUpdates Response", "result":"Success", "context":Received 4 update(s). cV=vBsoD3M7aXFKmhF5FcPkNH.0;server=akswtt113000011;cloudType=Consumer;environment=Prod_francecentral_prod-s01-062-eur-francecentral;migrationStage=NotStarted}
{"logTime": "0326/063659", "correlationVector":"PcGQUMHMSSTXqJpWGUXUWd","action":"Commit Request", "result":"", "context":Item count: 6
Contributing types: Sessions, Device Info, History}
{"logTime": "0326/063700", "correlationVector":"PcGQUMHMSSTXqJpWGUXUWd.1","action":"SyncServerConnectionManagerRequest", "result":"SYNC_SERVER_OK", "context":{"environment":"Prod_francecentral_prod-s01-062-eur-francecentral", "migrationStage":"NotStarted", "server":"akswtt11300000e"}}
{"logTime": "0326/063700", "correlationVector":"PcGQUMHMSSTXqJpWGUXUWd.3","action":"Commit.Sessions", "result":"Success", "context":{"id":"e44b4b11-6f19-41b6-96a7-9444ff0cdf31", "isDeleted":"true", "size":"0", "version":"1774506715039"}}
{"logTime": "0326/063700", "correlationVector":"PcGQUMHMSSTXqJpWGUXUWd.2","action":"Commit Response", "result":"Success", "context":Result: Success. cV=PcGQUMHMSSTXqJpWGUXUWd.0;server=akswtt11300000e;cloudType=Consumer;environment=Prod_francecentral_prod-s01-062-eur-francecentral;migrationStage=NotStarted}
{"logTime": "0326/063702", "correlationVector":"UiLwf2/zaC51P97O7aD3lG","action":"Commit Request", "result":"", "context":Item count: 15
Contributing types: Preferences, Passwords}
{"logTime": "0326/063702", "correlationVector":"UiLwf2/zaC51P97O7aD3lG.1","action":"SyncServerConnectionManagerRequest", "result":"SYNC_SERVER_OK", "context":{"environment":"Prod_francecentral_prod-s01-062-eur-francecentral", "migrationStage":"NotStarted", "server":"akswtt113000006"}}
{"logTime": "0326/063702", "correlationVector":"UiLwf2/zaC51P97O7aD3lG.2","action":"Commit Response", "result":"Success", "context":Result: Success. cV=UiLwf2/zaC51P97O7aD3lG.0;server=akswtt113000006;cloudType=Consumer;environment=Prod_francecentral_prod-s01-062-eur-francecentral;migrationStage=NotStarted}
{"logTime": "0326/063802", "correlationVector":"2M3Ry1gSvvLaZWAmtF/5P5","action":"Commit Request", "result":"", "context":Item count: 6
Contributing types: Sessions, History}
{"logTime": "0326/063803", "correlationVector":"2M3Ry1gSvvLaZWAmtF/5P5.1","action":"SyncServerConnectionManagerRequest", "result":"SYNC_SERVER_OK", "context":{"environment":"Prod_francecentral_prod-s01-062-eur-francecentral", "migrationStage":"NotStarted", "server":"akswtt11300000r"}}
{"logTime": "0326/063803", "correlationVector":"2M3Ry1gSvvLaZWAmtF/5P5.2","action":"Commit Response", "result":"Success", "context":Result: Success. cV=2M3Ry1gSvvLaZWAmtF/5P5.0;server=akswtt11300000r;cloudType=Consumer;environment=Prod_francecentral_prod-s01-062-eur-francecentral;migrationStage=NotStarted}
{"logTime": "0326/063916", "correlationVector":"fz+NWzK3axdCKJpnPFvA4P","action":"Commit Request", "result":"", "context":Item count: 3
Contributing types: Sessions, History}
{"logTime": "0326/063916", "correlationVector":"fz+NWzK3axdCKJpnPFvA4P.1","action":"SyncServerConnectionManagerRequest", "result":"SYNC_SERVER_OK", "context":{"environment":"Prod_francecentral_prod-s01-062-eur-francecentral", "migrationStage":"NotStarted", "server":"akswtt113000009"}}
{"logTime": "0326/063916", "correlationVector":"fz+NWzK3axdCKJpnPFvA4P.2","action":"Commit Response", "result":"Success", "context":Result: Success. cV=fz+NWzK3axdCKJpnPFvA4P.0;server=akswtt113000009;cloudType=Consumer;environment=Prod_francecentral_prod-s01-062-eur-francecentral;migrationStage=NotStarted}
{"logTime": "0326/064057", "correlationVector":"UONJU1waTB/H2XaZKMgoqm","action":"Normal GetUpdate request", "result":"", "context":cV=UONJU1waTB/H2XaZKMgoqm
Notified types: History}
{"logTime": "0326/064057", "correlationVector":"UONJU1waTB/H2XaZKMgoqm.1","action":"SyncServerConnectionManagerRequest", "result":"SYNC_SERVER_OK", "context":{"environment":"Prod_francecentral_prod-s01-062-eur-francecentral", "migrationStage":"NotStarted", "server":"akswtt113000009"}}
{"logTime": "0326/064057", "correlationVector":"UONJU1waTB/H2XaZKMgoqm.2","action":"ProcessGetUpdates", "result":"Done", "context":{"dataType":"Preferences", "deleted":"0", "process_failed_to_decrypt":"0", "process_pending_decryption":"0", "process_success":"1", "total":"1"}}
{"logTime": "0326/064057", "correlationVector":"UONJU1waTB/H2XaZKMgoqm.3","action":"ProcessGetUpdates", "result":"Done", "context":{"dataType":"Passwords", "deleted":"0", "process_failed_to_decrypt":"0", "process_pending_decryption":"0", "process_success":"14", "total":"14"}}
{"logTime": "0326/064057", "correlationVector":"UONJU1waTB/H2XaZKMgoqm.4","action":"ProcessGetUpdates", "result":"Done", "context":{"dataType":"Sessions", "deleted":"1", "process_failed_to_decrypt":"0", "process_pending_decryption":"0", "process_success":"4", "total":"4"}}
{"logTime": "0326/064057", "correlationVector":"UONJU1waTB/H2XaZKMgoqm.5","action":"ProcessGetUpdates", "result":"Done", "context":{"dataType":"Device Info", "deleted":"0", "process_failed_to_decrypt":"0", "process_pending_decryption":"0", "process_success":"1", "total":"1"}}
{"logTime": "0326/064057", "correlationVector":"UONJU1waTB/H2XaZKMgoqm.6","action":"ProcessGetUpdates", "result":"Done", "context":{"dataType":"History", "deleted":"0", "process_failed_to_decrypt":"0", "process_pending_decryption":"0", "process_success":"10", "total":"10"}}
{"logTime": "0326/064057", "correlationVector":"UONJU1waTB/H2XaZKMgoqm.7","action":"GetUpdates Response", "result":"Success", "context":Received 30 update(s). cV=UONJU1waTB/H2XaZKMgoqm.0;server=akswtt113000009;cloudType=Consumer;environment=Prod_francecentral_prod-s01-062-eur-francecentral;migrationStage=NotStarted}
{"logTime": "0326/064459", "correlationVector":"vsB3uD15ctJakSxfjUDI4Q","action":"Normal GetUpdate request", "result":"", "context":cV=vsB3uD15ctJakSxfjUDI4Q
Notified types: History}
{"logTime": "0326/064500", "correlationVector":"vsB3uD15ctJakSxfjUDI4Q.1","action":"SyncServerConnectionManagerRequest", "result":"SYNC_SERVER_OK", "context":{"environment":"Prod_francecentral_prod-s01-062-eur-francecentral", "migrationStage":"NotStarted", "server":"akswtt11300000w"}}
{"logTime": "0326/064500", "correlationVector":"vsB3uD15ctJakSxfjUDI4Q.2","action":"ProcessGetUpdates", "result":"Done", "context":{"dataType":"Sessions", "deleted":"0", "process_failed_to_decrypt":"0", "process_pending_decryption":"0", "process_success":"2", "total":"2"}}
{"logTime": "0326/064500", "correlationVector":"vsB3uD15ctJakSxfjUDI4Q.3","action":"ProcessGetUpdates", "result":"Done", "context":{"dataType":"History", "deleted":"0", "process_failed_to_decrypt":"0", "process_pending_decryption":"0", "process_success":"3", "total":"3"}}
{"logTime": "0326/064500", "correlationVector":"vsB3uD15ctJakSxfjUDI4Q.4","action":"GetUpdates Response", "result":"Success", "context":Received 5 update(s). cV=vsB3uD15ctJakSxfjUDI4Q.0;server=akswtt11300000w;cloudType=Consumer;environment=Prod_francecentral_prod-s01-062-eur-francecentral;migrationStage=NotStarted}
