2026-03-25 10:11:41.694: [INFO][Sync] Reset engine, reason: 8
2026-03-25 10:11:41.694: [INFO][Sync] Stopped: Bookmarks
2026-03-25 10:11:41.694: [INFO][Sync] Stopped: Preferences
2026-03-25 10:11:41.694: [INFO][Sync] Stopped: Passwords
2026-03-25 10:11:41.694: [INFO][Sync] Stopped: Autofill Profiles
2026-03-25 10:11:41.694: [INFO][Sync] Stopped: Autofill
2026-03-25 10:11:41.694: [INFO][Sync] Stopped: Extensions
2026-03-25 10:11:41.694: [INFO][Sync] Stopped: Sessions
2026-03-25 10:11:41.694: [INFO][Sync] Stopped: Extension settings
2026-03-25 10:11:41.694: [INFO][Sync] Stopped: History Delete Directives
2026-03-25 10:11:41.694: [INFO][Sync] Stopped: Device Info
2026-03-25 10:11:41.694: [INFO][Sync] Stopped: User Consents
2026-03-25 10:11:41.694: [INFO][Sync] Stopped: Send Tab To Self
2026-03-25 10:11:41.694: [INFO][Sync] Stopped: Web Apps
2026-03-25 10:11:41.694: [INFO][Sync] Stopped: History
2026-03-25 10:11:41.694: [INFO][Sync] Stopped: Saved Tab Group
2026-03-25 10:11:41.694: [INFO][Sync] Stopped: WebAuthn Credentials
2026-03-25 10:11:41.694: [INFO][Sync] Stopped: Collection
2026-03-25 10:11:41.694: [INFO][Sync] Stopped: Edge E Drop
2026-03-25 10:11:41.694: [INFO][Sync] Stopped: Edge Hub App Usage
2026-03-25 10:11:41.694: [INFO][Sync] Stopped: Edge Wallet
2026-03-25 10:11:41.694: [INFO][Sync] Stopped: Edge Workspace
2026-03-25 10:11:41.694: [INFO][Sync] SyncState after authenticated was: NotSignedIn
2026-03-25 10:11:42.075: [INFO][Sync] Reset engine, reason: 8
2026-03-25 10:11:42.075: [INFO][Sync] Stopped: Bookmarks
2026-03-25 10:11:42.075: [INFO][Sync] Stopped: Preferences
2026-03-25 10:11:42.075: [INFO][Sync] Stopped: Passwords
2026-03-25 10:11:42.075: [INFO][Sync] Stopped: Autofill Profiles
2026-03-25 10:11:42.075: [INFO][Sync] Stopped: Autofill
2026-03-25 10:11:42.075: [INFO][Sync] Stopped: Extensions
2026-03-25 10:11:42.075: [INFO][Sync] Stopped: Sessions
2026-03-25 10:11:42.075: [INFO][Sync] Stopped: Extension settings
2026-03-25 10:11:42.075: [INFO][Sync] Stopped: History Delete Directives
2026-03-25 10:11:42.075: [INFO][Sync] Stopped: Device Info
2026-03-25 10:11:42.075: [INFO][Sync] Stopped: User Consents
2026-03-25 10:11:42.075: [INFO][Sync] Stopped: Send Tab To Self
2026-03-25 10:11:42.075: [INFO][Sync] Stopped: Web Apps
2026-03-25 10:11:42.075: [INFO][Sync] Stopped: History
2026-03-25 10:11:42.075: [INFO][Sync] Stopped: Saved Tab Group
2026-03-25 10:11:42.075: [INFO][Sync] Stopped: WebAuthn Credentials
2026-03-25 10:11:42.075: [INFO][Sync] Stopped: Collection
2026-03-25 10:11:42.075: [INFO][Sync] Stopped: Edge E Drop
2026-03-25 10:11:42.075: [INFO][Sync] Stopped: Edge Hub App Usage
2026-03-25 10:11:42.075: [INFO][Sync] Stopped: Edge Wallet
2026-03-25 10:11:42.075: [INFO][Sync] Stopped: Edge Workspace
2026-03-25 10:11:46.121: [INFO][Sync] Try to start sync engine
2026-03-25 10:11:46.124: [INFO][SyncManagerImpl::NudgeForInitialDownload] Initial download nudge for Encryption Keys
2026-03-25 10:11:46.124: [INFO][SyncEngineBackend::LoadAndConnectNigoriController] Load and connect Nigori controller
2026-03-25 10:11:46.124: [INFO][SyncEngineBackend::DoInitialize] Control Types added: Encryption Keys
2026-03-25 10:11:46.124: [INFO][SyncManagerImpl::ConfigureSyncer] Types to download: Encryption Keys with reason: 3
2026-03-25 10:11:46.124: [INFO][SyncSchedulerImpl::DoConfigurationSyncCycleJob] Configure job was blocked
2026-03-25 10:11:46.149: [INFO][SyncAuthManager::SetLastAuthError] Current auth error: None
2026-03-25 10:11:46.150: [INFO][SyncAuthManager::EdgeLogTokenErrorState] Token error with: None for account type: MSA
2026-03-25 10:11:46.150: [INFO][Sync] Credentials changed for: EdgeSyncScopeNew
2026-03-25 10:11:47.105: [INFO][SyncAuthManager::SetLastAuthError] Current auth error: None
2026-03-25 10:11:47.105: [INFO][SyncAuthManager::EdgeLogTokenErrorState] Token error with: None for account type: MSA
2026-03-25 10:11:47.105: [INFO][Sync] Credentials changed for: EdgeSyncKeyDataScope
2026-03-25 10:11:47.105: [INFO][SyncEngineBackend::DoUpdateKeyDataCredentials] Update key data credentials
2026-03-25 10:11:47.105: [INFO][SyncEngineBackend::DoUpdateCredentials] Update credentials
2026-03-25 10:11:47.105: [INFO][SyncSchedulerImpl::DoConfigurationSyncCycleJob] Blocked types:  and types to download: Encryption Keys
2026-03-25 10:11:47.739: [INFO][Sync] Started DataTypeManager configuration, reason: 4
2026-03-25 10:11:47.739: [INFO][Sync] Configuring for: Bookmarks, Preferences, Passwords, Autofill Profiles, Autofill, Extensions, Sessions, Extension settings, History Delete Directives, Device Info, User Consents, Send Tab To Self, Web Apps, History, Saved Tab Group, WebAuthn Credentials, Collection, Edge E Drop, Edge Hub App Usage, Edge Wallet, Edge Workspace, Encryption Keys, reason: 3, current state: 0
2026-03-25 10:11:47.739: [WARN][Sync] Crypto error data types: Passwords, Autofill Profiles, Autofill
2026-03-25 10:11:47.741: [INFO][Sync] Configure, desired: Bookmarks, Preferences, Extensions, Sessions, Extension settings, History Delete Directives, Device Info, User Consents, Send Tab To Self, Web Apps, History, Saved Tab Group, WebAuthn Credentials, Collection, Edge E Drop, Edge Hub App Usage, Edge Wallet, Edge Workspace, Encryption Keys; Allow fail: Passwords, Autofill Profiles, Autofill
2026-03-25 10:11:47.741: [INFO][Sync] Loading: Bookmarks
2026-03-25 10:11:47.741: [INFO][Sync] Loading: Preferences
2026-03-25 10:11:47.741: [INFO][Sync] Loading: Extensions
2026-03-25 10:11:47.741: [INFO][Sync] Loading: Sessions
2026-03-25 10:11:47.742: [INFO][Sync] Loading: Extension settings
2026-03-25 10:11:47.742: [INFO][Sync] Loading: History Delete Directives
2026-03-25 10:11:47.742: [INFO][Sync] Loading: Device Info
2026-03-25 10:11:47.742: [INFO][Sync] Loading: User Consents
2026-03-25 10:11:47.742: [INFO][Sync] Loading: Send Tab To Self
2026-03-25 10:11:47.742: [INFO][Sync] Loading: Web Apps
2026-03-25 10:11:47.742: [INFO][Sync] Loading: History
2026-03-25 10:11:47.742: [INFO][Sync] Loading: Saved Tab Group
2026-03-25 10:11:47.742: [INFO][Sync] Loading: WebAuthn Credentials
2026-03-25 10:11:47.742: [INFO][Sync] Loading: Collection
2026-03-25 10:11:47.742: [INFO][Sync] Loading: Edge E Drop
2026-03-25 10:11:47.742: [INFO][Sync] Loading: Edge Hub App Usage
2026-03-25 10:11:47.742: [INFO][Sync] Loading: Edge Wallet
2026-03-25 10:11:47.742: [INFO][Sync] Loading: Edge Workspace
2026-03-25 10:11:47.750: [INFO][Sync] All data types are ready for configure.
2026-03-25 10:11:48.505: [INFO][Sync] Started DataTypeManager configuration, reason: 5
2026-03-25 10:11:48.505: [INFO][Sync] Configuring for: Bookmarks, Preferences, Passwords, Autofill Profiles, Autofill, Extensions, Sessions, Extension settings, History Delete Directives, Device Info, User Consents, Send Tab To Self, Web Apps, History, Saved Tab Group, WebAuthn Credentials, Collection, Edge E Drop, Edge Hub App Usage, Edge Wallet, Edge Workspace, Encryption Keys, reason: 5, current state: 1
2026-03-25 10:11:48.507: [INFO][SyncEngineBackend::DoStartConfiguration] Start configuration
2026-03-25 10:11:48.507: [INFO][SyncManagerImpl::NudgeForInitialDownload] Initial download nudge for Bookmarks
2026-03-25 10:11:48.507: [INFO][SyncManagerImpl::NudgeForInitialDownload] Initial download nudge for Preferences
2026-03-25 10:11:48.507: [INFO][SyncManagerImpl::NudgeForInitialDownload] Initial download nudge for Extensions
2026-03-25 10:11:48.507: [INFO][SyncManagerImpl::NudgeForInitialDownload] Initial download nudge for Sessions
2026-03-25 10:11:48.507: [INFO][SyncManagerImpl::NudgeForInitialDownload] Initial download nudge for Extension settings
2026-03-25 10:11:48.507: [INFO][SyncManagerImpl::NudgeForInitialDownload] Initial download nudge for History Delete Directives
2026-03-25 10:11:48.507: [INFO][SyncManagerImpl::NudgeForInitialDownload] Initial download nudge for Device Info
2026-03-25 10:11:48.507: [INFO][SyncManagerImpl::NudgeForInitialDownload] Initial download nudge for Send Tab To Self
2026-03-25 10:11:48.507: [INFO][SyncManagerImpl::NudgeForInitialDownload] Initial download nudge for Web Apps
2026-03-25 10:11:48.507: [INFO][SyncManagerImpl::NudgeForInitialDownload] Initial download nudge for History
2026-03-25 10:11:48.507: [INFO][SyncManagerImpl::NudgeForInitialDownload] Initial download nudge for Saved Tab Group
2026-03-25 10:11:48.507: [INFO][SyncManagerImpl::NudgeForInitialDownload] Initial download nudge for WebAuthn Credentials
2026-03-25 10:11:48.507: [INFO][SyncManagerImpl::NudgeForInitialDownload] Initial download nudge for Collection
2026-03-25 10:11:48.507: [INFO][SyncManagerImpl::NudgeForInitialDownload] Initial download nudge for Edge E Drop
2026-03-25 10:11:48.507: [INFO][SyncManagerImpl::NudgeForInitialDownload] Initial download nudge for Edge Hub App Usage
2026-03-25 10:11:48.507: [INFO][SyncManagerImpl::NudgeForInitialDownload] Initial download nudge for Edge Wallet
2026-03-25 10:11:48.507: [INFO][SyncManagerImpl::NudgeForInitialDownload] Initial download nudge for Edge Workspace
2026-03-25 10:11:48.507: [INFO][SyncManagerImpl::ConfigureSyncer] Types to download:  with reason: 3
2026-03-25 10:11:48.507: [INFO][SyncEngineBackend::DoFinishConfigureDataTypes] Failed to download types:  and succeeded types: 
2026-03-25 10:11:48.507: [INFO][Sync] ConfigurationDone, failed: , succeeded: , remaining count: 4
2026-03-25 10:11:48.507: [WARN][Sync]     Reconfigure requested while configuration ongoing.
2026-03-25 10:11:48.507: [INFO][Sync] Configuring for: Bookmarks, Preferences, Passwords, Autofill Profiles, Autofill, Extensions, Sessions, Extension settings, History Delete Directives, Device Info, User Consents, Send Tab To Self, Web Apps, History, Saved Tab Group, WebAuthn Credentials, Collection, Edge E Drop, Edge Hub App Usage, Edge Wallet, Edge Workspace, Encryption Keys, reason: 5, current state: 2
2026-03-25 10:11:48.507: [INFO][Sync] Configure, desired: Bookmarks, Preferences, Passwords, Autofill Profiles, Autofill, Extensions, Sessions, Extension settings, History Delete Directives, Device Info, User Consents, Send Tab To Self, Web Apps, History, Saved Tab Group, WebAuthn Credentials, Collection, Edge E Drop, Edge Hub App Usage, Edge Wallet, Edge Workspace, Encryption Keys; Allow fail: 
2026-03-25 10:11:48.507: [INFO][Sync] Loading: Passwords
2026-03-25 10:11:48.507: [INFO][Sync] Loading: Autofill Profiles
2026-03-25 10:11:48.507: [INFO][Sync] Loading: Autofill
2026-03-25 10:11:48.508: [INFO][Sync] All data types are ready for configure.
2026-03-25 10:11:48.508: [INFO][SyncManagerImpl::NudgeForInitialDownload] Initial download nudge for Passwords
2026-03-25 10:11:48.508: [INFO][SyncManagerImpl::NudgeForInitialDownload] Initial download nudge for Autofill Profiles
2026-03-25 10:11:48.508: [INFO][SyncManagerImpl::NudgeForInitialDownload] Initial download nudge for Autofill
2026-03-25 10:11:48.508: [INFO][SyncManagerImpl::ConfigureSyncer] Types to download:  with reason: 5
2026-03-25 10:11:48.508: [INFO][SyncEngineBackend::DoFinishConfigureDataTypes] Failed to download types:  and succeeded types: 
2026-03-25 10:11:48.508: [INFO][Sync] ConfigurationDone, failed: , succeeded: , remaining count: 4
2026-03-25 10:11:48.508: [INFO][Sync] Prepare to configure types: Preferences, Passwords, Device Info, Send Tab To Self, Edge E Drop, Encryption Keys
2026-03-25 10:11:48.508: [INFO][SyncManagerImpl::ConfigureSyncer] Types to download: Preferences, Passwords, Device Info, Send Tab To Self, Edge E Drop, Encryption Keys with reason: 5
2026-03-25 10:11:48.508: [INFO][SyncSchedulerImpl::DoConfigurationSyncCycleJob] Blocked types:  and types to download: Preferences, Passwords, Device Info, Send Tab To Self, Edge E Drop, Encryption Keys
2026-03-25 10:11:49.174: [INFO][SyncEngineBackend::DoFinishConfigureDataTypes] Failed to download types:  and succeeded types: Preferences, Passwords, Device Info, Send Tab To Self, Edge E Drop, Encryption Keys
2026-03-25 10:11:49.376: [INFO][Sync] ConfigurationDone, failed: , succeeded: Preferences, Passwords, Device Info, Send Tab To Self, Edge E Drop, Encryption Keys, remaining count: 3
2026-03-25 10:11:49.376: [INFO][Sync] Prepare to configure types: Bookmarks, Encryption Keys
2026-03-25 10:11:49.376: [INFO][SyncManagerImpl::ConfigureSyncer] Types to download: Bookmarks, Encryption Keys with reason: 5
2026-03-25 10:11:49.376: [INFO][SyncSchedulerImpl::DoConfigurationSyncCycleJob] Blocked types:  and types to download: Bookmarks, Encryption Keys
2026-03-25 10:11:49.631: [INFO][SyncEngineBackend::DoFinishConfigureDataTypes] Failed to download types:  and succeeded types: Bookmarks, Encryption Keys
2026-03-25 10:11:49.645: [INFO][Sync] ConfigurationDone, failed: , succeeded: Bookmarks, Encryption Keys, remaining count: 2
2026-03-25 10:11:49.645: [INFO][Sync] Prepare to configure types: Autofill Profiles, Autofill, Extensions, Sessions, Extension settings, History Delete Directives, Web Apps, Saved Tab Group, WebAuthn Credentials, Collection, Edge Hub App Usage, Edge Wallet, Edge Workspace, Encryption Keys
2026-03-25 10:11:49.645: [INFO][SyncManagerImpl::ConfigureSyncer] Types to download: Autofill Profiles, Autofill, Extensions, Sessions, Extension settings, History Delete Directives, Web Apps, Saved Tab Group, WebAuthn Credentials, Collection, Edge Hub App Usage, Edge Wallet, Edge Workspace, Encryption Keys with reason: 5
2026-03-25 10:11:49.645: [INFO][SyncSchedulerImpl::DoConfigurationSyncCycleJob] Blocked types:  and types to download: Autofill Profiles, Autofill, Extensions, Sessions, Extension settings, History Delete Directives, Web Apps, Saved Tab Group, WebAuthn Credentials, Collection, Edge Hub App Usage, Edge Wallet, Edge Workspace, Encryption Keys
2026-03-25 10:11:52.592: [INFO][SyncEngineBackend::DoFinishConfigureDataTypes] Failed to download types:  and succeeded types: Autofill Profiles, Autofill, Extensions, Sessions, Extension settings, History Delete Directives, Web Apps, Saved Tab Group, WebAuthn Credentials, Collection, Edge Hub App Usage, Edge Wallet, Edge Workspace, Encryption Keys
2026-03-25 10:11:52.595: [INFO][Sync] ConfigurationDone, failed: , succeeded: Autofill Profiles, Autofill, Extensions, Sessions, Extension settings, History Delete Directives, Web Apps, Saved Tab Group, WebAuthn Credentials, Collection, Edge Hub App Usage, Edge Wallet, Edge Workspace, Encryption Keys, remaining count: 1
2026-03-25 10:11:52.597: [INFO][Sync] Prepare to configure types: History, Encryption Keys
2026-03-25 10:11:52.598: [INFO][SyncManagerImpl::ConfigureSyncer] Types to download: History, Encryption Keys with reason: 5
2026-03-25 10:11:52.598: [INFO][SyncSchedulerImpl::DoConfigurationSyncCycleJob] Blocked types:  and types to download: History, Encryption Keys
2026-03-25 10:12:10.808: [INFO][SyncEngineBackend::DoFinishConfigureDataTypes] Failed to download types:  and succeeded types: History, Encryption Keys
2026-03-25 10:12:10.818: [INFO][Sync] ConfigurationDone, failed: , succeeded: History, Encryption Keys, remaining count: 0
2026-03-25 10:12:10.823: [INFO][Sync]     Configuration completed, state: 7
2026-03-25 10:12:10.823: [INFO][Sync] Configured DataTypeManager: Ok
2026-03-25 10:12:10.831: [INFO][SyncEngineBackend::DoStartSyncing] Start syncing
2026-03-25 10:28:48.686: [INFO][Sync] Reset engine, reason: 0
2026-03-25 10:28:48.686: [INFO][Sync] Reset engine with reason: 0
2026-03-25 21:03:53.905: [INFO][Sync] SyncState after authenticated was: FeatureCanStart
2026-03-25 21:03:58.074: [INFO][SyncAuthManager::SetLastAuthError] Current auth error: None
2026-03-25 21:03:58.074: [INFO][SyncAuthManager::EdgeLogTokenErrorState] Token error with: None for account type: MSA
2026-03-25 21:03:58.075: [INFO][Sync] Credentials changed for: EdgeSyncKeyDataScope
2026-03-25 21:04:04.082: [INFO][Sync] Try to start sync engine
2026-03-25 21:04:04.084: [INFO][SyncManagerImpl::NudgeForInitialDownload] Initial download nudge for Encryption Keys
2026-03-25 21:04:04.084: [INFO][SyncEngineBackend::LoadAndConnectNigoriController] Load and connect Nigori controller
2026-03-25 21:04:04.084: [INFO][SyncEngineBackend::DoInitialize] Control Types added: Encryption Keys
2026-03-25 21:04:04.084: [INFO][SyncManagerImpl::ConfigureSyncer] Types to download: Encryption Keys with reason: 3
2026-03-25 21:04:04.084: [INFO][SyncEngineBackend::DoUpdateKeyDataCredentials] Update key data credentials
2026-03-25 21:04:04.084: [INFO][SyncSchedulerImpl::DoConfigurationSyncCycleJob] Configure job was blocked
2026-03-25 21:04:04.095: [INFO][SyncAuthManager::SetLastAuthError] Current auth error: None
2026-03-25 21:04:04.095: [INFO][SyncAuthManager::EdgeLogTokenErrorState] Token error with: None for account type: MSA
2026-03-25 21:04:04.095: [INFO][Sync] Credentials changed for: EdgeSyncScopeNew
2026-03-25 21:04:04.095: [INFO][SyncEngineBackend::DoUpdateCredentials] Update credentials
2026-03-25 21:04:04.095: [INFO][SyncSchedulerImpl::DoConfigurationSyncCycleJob] Blocked types:  and types to download: Encryption Keys
2026-03-25 21:04:04.976: [INFO][SyncEngineBackend::DoUpdateKeyDataCredentials] Update key data credentials
2026-03-25 21:04:04.985: [INFO][Sync] Started DataTypeManager configuration, reason: 4
2026-03-25 21:04:04.985: [INFO][Sync] Configuring for: Bookmarks, Preferences, Passwords, Autofill Profiles, Autofill, Extensions, Sessions, Extension settings, History Delete Directives, Device Info, User Consents, Send Tab To Self, Web Apps, History, Saved Tab Group, WebAuthn Credentials, Collection, Edge E Drop, Edge Hub App Usage, Edge Wallet, Edge Workspace, Encryption Keys, reason: 4, current state: 0
2026-03-25 21:04:04.985: [WARN][Sync] Crypto error data types: Passwords, Autofill Profiles, Autofill
2026-03-25 21:04:04.989: [INFO][Sync] Configure, desired: Bookmarks, Preferences, Extensions, Sessions, Extension settings, History Delete Directives, Device Info, User Consents, Send Tab To Self, Web Apps, History, Saved Tab Group, WebAuthn Credentials, Collection, Edge E Drop, Edge Hub App Usage, Edge Wallet, Edge Workspace, Encryption Keys; Allow fail: Passwords, Autofill Profiles, Autofill
2026-03-25 21:04:04.989: [INFO][Sync] Loading: Bookmarks
2026-03-25 21:04:04.989: [INFO][Sync] Loading: Preferences
2026-03-25 21:04:04.989: [INFO][Sync] Loading: Extensions
2026-03-25 21:04:04.989: [INFO][Sync] Loading: Sessions
2026-03-25 21:04:04.989: [INFO][Sync] Loading: Extension settings
2026-03-25 21:04:04.989: [INFO][Sync] Loading: History Delete Directives
2026-03-25 21:04:04.990: [INFO][Sync] Loading: Device Info
2026-03-25 21:04:04.990: [INFO][Sync] Loading: User Consents
2026-03-25 21:04:04.990: [INFO][Sync] Loading: Send Tab To Self
2026-03-25 21:04:04.990: [INFO][Sync] Loading: Web Apps
2026-03-25 21:04:04.990: [INFO][Sync] Loading: History
2026-03-25 21:04:04.990: [INFO][Sync] Loading: Saved Tab Group
2026-03-25 21:04:04.990: [INFO][Sync] Loading: WebAuthn Credentials
2026-03-25 21:04:04.990: [INFO][Sync] Loading: Collection
2026-03-25 21:04:04.990: [INFO][Sync] Loading: Edge E Drop
2026-03-25 21:04:04.990: [INFO][Sync] Loading: Edge Hub App Usage
2026-03-25 21:04:04.990: [INFO][Sync] Loading: Edge Wallet
2026-03-25 21:04:04.990: [INFO][Sync] Loading: Edge Workspace
2026-03-25 21:04:04.999: [INFO][Sync] All data types are ready for configure.
2026-03-25 21:04:06.416: [INFO][Sync] Started DataTypeManager configuration, reason: 5
2026-03-25 21:04:06.416: [INFO][Sync] Configuring for: Bookmarks, Preferences, Passwords, Autofill Profiles, Autofill, Extensions, Sessions, Extension settings, History Delete Directives, Device Info, User Consents, Send Tab To Self, Web Apps, History, Saved Tab Group, WebAuthn Credentials, Collection, Edge E Drop, Edge Hub App Usage, Edge Wallet, Edge Workspace, Encryption Keys, reason: 5, current state: 1
2026-03-25 21:04:06.420: [INFO][SyncEngineBackend::DoStartConfiguration] Start configuration
2026-03-25 21:04:06.420: [INFO][SyncManagerImpl::ConfigureSyncer] Types to download:  with reason: 4
2026-03-25 21:04:06.420: [INFO][SyncEngineBackend::DoFinishConfigureDataTypes] Failed to download types:  and succeeded types: 
2026-03-25 21:04:06.420: [INFO][Sync] ConfigurationDone, failed: , succeeded: , remaining count: 4
2026-03-25 21:04:06.420: [WARN][Sync]     Reconfigure requested while configuration ongoing.
2026-03-25 21:04:06.420: [INFO][Sync] Configuring for: Bookmarks, Preferences, Passwords, Autofill Profiles, Autofill, Extensions, Sessions, Extension settings, History Delete Directives, Device Info, User Consents, Send Tab To Self, Web Apps, History, Saved Tab Group, WebAuthn Credentials, Collection, Edge E Drop, Edge Hub App Usage, Edge Wallet, Edge Workspace, Encryption Keys, reason: 5, current state: 2
2026-03-25 21:04:06.420: [INFO][Sync] Configure, desired: Bookmarks, Preferences, Passwords, Autofill Profiles, Autofill, Extensions, Sessions, Extension settings, History Delete Directives, Device Info, User Consents, Send Tab To Self, Web Apps, History, Saved Tab Group, WebAuthn Credentials, Collection, Edge E Drop, Edge Hub App Usage, Edge Wallet, Edge Workspace, Encryption Keys; Allow fail: 
2026-03-25 21:04:06.420: [INFO][Sync] Loading: Passwords
2026-03-25 21:04:06.420: [INFO][Sync] Loading: Autofill Profiles
2026-03-25 21:04:06.420: [INFO][Sync] Loading: Autofill
2026-03-25 21:04:06.420: [INFO][Sync] All data types are ready for configure.
2026-03-25 21:04:06.420: [INFO][SyncManagerImpl::NudgeForInitialDownload] Initial download nudge for Passwords
2026-03-25 21:04:06.420: [INFO][SyncManagerImpl::ConfigureSyncer] Types to download:  with reason: 5
2026-03-25 21:04:06.420: [INFO][SyncEngineBackend::DoFinishConfigureDataTypes] Failed to download types:  and succeeded types: 
2026-03-25 21:04:06.420: [INFO][Sync] ConfigurationDone, failed: , succeeded: , remaining count: 4
2026-03-25 21:04:06.420: [INFO][Sync] Prepare to configure types: Passwords, Encryption Keys
2026-03-25 21:04:06.420: [INFO][SyncManagerImpl::ConfigureSyncer] Types to download: Passwords, Encryption Keys with reason: 5
2026-03-25 21:04:06.420: [INFO][SyncSchedulerImpl::DoConfigurationSyncCycleJob] Blocked types:  and types to download: Passwords, Encryption Keys
2026-03-25 21:04:06.806: [INFO][SyncEngineBackend::DoFinishConfigureDataTypes] Failed to download types:  and succeeded types: Passwords, Encryption Keys
2026-03-25 21:04:06.811: [INFO][Sync] ConfigurationDone, failed: , succeeded: Passwords, Encryption Keys, remaining count: 3
2026-03-25 21:04:06.811: [INFO][SyncManagerImpl::ConfigureSyncer] Types to download:  with reason: 5
2026-03-25 21:04:06.811: [INFO][SyncEngineBackend::DoFinishConfigureDataTypes] Failed to download types:  and succeeded types: 
2026-03-25 21:04:06.811: [INFO][Sync] ConfigurationDone, failed: , succeeded: , remaining count: 2
2026-03-25 21:04:06.811: [INFO][SyncManagerImpl::ConfigureSyncer] Types to download:  with reason: 5
2026-03-25 21:04:06.811: [INFO][SyncEngineBackend::DoFinishConfigureDataTypes] Failed to download types:  and succeeded types: 
2026-03-25 21:04:06.811: [INFO][Sync] ConfigurationDone, failed: , succeeded: , remaining count: 1
2026-03-25 21:04:06.816: [INFO][SyncManagerImpl::ConfigureSyncer] Types to download:  with reason: 5
2026-03-25 21:04:06.816: [INFO][SyncEngineBackend::DoFinishConfigureDataTypes] Failed to download types:  and succeeded types: 
2026-03-25 21:04:06.816: [INFO][Sync] ConfigurationDone, failed: , succeeded: , remaining count: 0
2026-03-25 21:04:06.819: [INFO][Sync]     Configuration completed, state: 7
2026-03-25 21:04:06.820: [INFO][Sync] Configured DataTypeManager: Ok
2026-03-25 21:04:06.825: [INFO][SyncEngineBackend::DoStartSyncing] Start syncing
2026-03-25 22:00:47.655: [INFO][Sync] Reset engine, reason: 0
2026-03-25 22:00:47.655: [INFO][Sync] Reset engine with reason: 0
2026-03-26 05:28:23.157: [INFO][Sync] Reset engine, reason: 8
2026-03-26 05:28:23.157: [INFO][Sync] Stopped: Bookmarks
2026-03-26 05:28:23.157: [INFO][Sync] Stopped: Preferences
2026-03-26 05:28:23.157: [INFO][Sync] Stopped: Passwords
2026-03-26 05:28:23.157: [INFO][Sync] Stopped: Autofill Profiles
2026-03-26 05:28:23.157: [INFO][Sync] Stopped: Autofill
2026-03-26 05:28:23.157: [INFO][Sync] Stopped: Extensions
2026-03-26 05:28:23.157: [INFO][Sync] Stopped: Sessions
2026-03-26 05:28:23.157: [INFO][Sync] Stopped: Extension settings
2026-03-26 05:28:23.157: [INFO][Sync] Stopped: History Delete Directives
2026-03-26 05:28:23.157: [INFO][Sync] Stopped: Device Info
2026-03-26 05:28:23.157: [INFO][Sync] Stopped: User Consents
2026-03-26 05:28:23.157: [INFO][Sync] Stopped: Send Tab To Self
2026-03-26 05:28:23.157: [INFO][Sync] Stopped: Web Apps
2026-03-26 05:28:23.157: [INFO][Sync] Stopped: History
2026-03-26 05:28:23.157: [INFO][Sync] Stopped: Saved Tab Group
2026-03-26 05:28:23.157: [INFO][Sync] Stopped: WebAuthn Credentials
2026-03-26 05:28:23.157: [INFO][Sync] Stopped: Collection
2026-03-26 05:28:23.157: [INFO][Sync] Stopped: Edge E Drop
2026-03-26 05:28:23.157: [INFO][Sync] Stopped: Edge Hub App Usage
2026-03-26 05:28:23.157: [INFO][Sync] Stopped: Edge Wallet
2026-03-26 05:28:23.157: [INFO][Sync] Stopped: Edge Workspace
2026-03-26 05:28:23.157: [INFO][Sync] SyncState after authenticated was: NotSignedIn
2026-03-26 05:28:23.438: [INFO][Sync] Reset engine, reason: 8
2026-03-26 05:28:23.438: [INFO][Sync] Stopped: Bookmarks
2026-03-26 05:28:23.438: [INFO][Sync] Stopped: Preferences
2026-03-26 05:28:23.438: [INFO][Sync] Stopped: Passwords
2026-03-26 05:28:23.438: [INFO][Sync] Stopped: Autofill Profiles
2026-03-26 05:28:23.438: [INFO][Sync] Stopped: Autofill
2026-03-26 05:28:23.438: [INFO][Sync] Stopped: Extensions
2026-03-26 05:28:23.438: [INFO][Sync] Stopped: Sessions
2026-03-26 05:28:23.438: [INFO][Sync] Stopped: Extension settings
2026-03-26 05:28:23.438: [INFO][Sync] Stopped: History Delete Directives
2026-03-26 05:28:23.438: [INFO][Sync] Stopped: Device Info
2026-03-26 05:28:23.438: [INFO][Sync] Stopped: User Consents
2026-03-26 05:28:23.438: [INFO][Sync] Stopped: Send Tab To Self
2026-03-26 05:28:23.438: [INFO][Sync] Stopped: Web Apps
2026-03-26 05:28:23.438: [INFO][Sync] Stopped: History
2026-03-26 05:28:23.438: [INFO][Sync] Stopped: Saved Tab Group
2026-03-26 05:28:23.438: [INFO][Sync] Stopped: WebAuthn Credentials
2026-03-26 05:28:23.439: [INFO][Sync] Stopped: Collection
2026-03-26 05:28:23.439: [INFO][Sync] Stopped: Edge E Drop
2026-03-26 05:28:23.439: [INFO][Sync] Stopped: Edge Hub App Usage
2026-03-26 05:28:23.439: [INFO][Sync] Stopped: Edge Wallet
2026-03-26 05:28:23.439: [INFO][Sync] Stopped: Edge Workspace
2026-03-26 05:28:27.626: [INFO][Sync] Try to start sync engine
2026-03-26 05:28:27.628: [INFO][SyncManagerImpl::NudgeForInitialDownload] Initial download nudge for Encryption Keys
2026-03-26 05:28:27.628: [INFO][SyncEngineBackend::LoadAndConnectNigoriController] Load and connect Nigori controller
2026-03-26 05:28:27.628: [INFO][SyncEngineBackend::DoInitialize] Control Types added: Encryption Keys
2026-03-26 05:28:27.628: [INFO][SyncManagerImpl::ConfigureSyncer] Types to download: Encryption Keys with reason: 3
2026-03-26 05:28:27.628: [INFO][SyncSchedulerImpl::DoConfigurationSyncCycleJob] Configure job was blocked
2026-03-26 05:28:27.664: [INFO][SyncAuthManager::SetLastAuthError] Current auth error: None
2026-03-26 05:28:27.664: [INFO][SyncAuthManager::EdgeLogTokenErrorState] Token error with: None for account type: MSA
2026-03-26 05:28:27.664: [INFO][Sync] Credentials changed for: EdgeSyncScopeNew
2026-03-26 05:28:29.565: [INFO][SyncAuthManager::SetLastAuthError] Current auth error: None
2026-03-26 05:28:29.565: [INFO][SyncAuthManager::EdgeLogTokenErrorState] Token error with: None for account type: MSA
2026-03-26 05:28:29.565: [INFO][Sync] Credentials changed for: EdgeSyncKeyDataScope
2026-03-26 05:28:29.565: [INFO][SyncEngineBackend::DoUpdateKeyDataCredentials] Update key data credentials
2026-03-26 05:28:29.565: [INFO][SyncEngineBackend::DoUpdateCredentials] Update credentials
2026-03-26 05:28:29.565: [INFO][SyncSchedulerImpl::DoConfigurationSyncCycleJob] Blocked types:  and types to download: Encryption Keys
2026-03-26 05:28:30.070: [INFO][Sync] Started DataTypeManager configuration, reason: 4
2026-03-26 05:28:30.070: [INFO][Sync] Configuring for: Bookmarks, Preferences, Passwords, Autofill Profiles, Autofill, Extensions, Sessions, Extension settings, History Delete Directives, Device Info, User Consents, Send Tab To Self, Web Apps, History, Saved Tab Group, WebAuthn Credentials, Collection, Edge E Drop, Edge Hub App Usage, Edge Wallet, Edge Workspace, Encryption Keys, reason: 4, current state: 0
2026-03-26 05:28:30.070: [WARN][Sync] Crypto error data types: Passwords, Autofill Profiles, Autofill
2026-03-26 05:28:30.073: [INFO][Sync] Configure, desired: Bookmarks, Preferences, Extensions, Sessions, Extension settings, History Delete Directives, Device Info, User Consents, Send Tab To Self, Web Apps, History, Saved Tab Group, WebAuthn Credentials, Collection, Edge E Drop, Edge Hub App Usage, Edge Wallet, Edge Workspace, Encryption Keys; Allow fail: Passwords, Autofill Profiles, Autofill
2026-03-26 05:28:30.073: [INFO][Sync] Loading: Bookmarks
2026-03-26 05:28:30.073: [INFO][Sync] Loading: Preferences
2026-03-26 05:28:30.073: [INFO][Sync] Loading: Extensions
2026-03-26 05:28:30.073: [INFO][Sync] Loading: Sessions
2026-03-26 05:28:30.074: [INFO][Sync] Loading: Extension settings
2026-03-26 05:28:30.074: [INFO][Sync] Loading: History Delete Directives
2026-03-26 05:28:30.074: [INFO][Sync] Loading: Device Info
2026-03-26 05:28:30.074: [INFO][Sync] Loading: User Consents
2026-03-26 05:28:30.074: [INFO][Sync] Loading: Send Tab To Self
2026-03-26 05:28:30.074: [INFO][Sync] Loading: Web Apps
2026-03-26 05:28:30.074: [INFO][Sync] Loading: History
2026-03-26 05:28:30.074: [INFO][Sync] Loading: Saved Tab Group
2026-03-26 05:28:30.074: [INFO][Sync] Loading: WebAuthn Credentials
2026-03-26 05:28:30.074: [INFO][Sync] Loading: Collection
2026-03-26 05:28:30.074: [INFO][Sync] Loading: Edge E Drop
2026-03-26 05:28:30.074: [INFO][Sync] Loading: Edge Hub App Usage
2026-03-26 05:28:30.074: [INFO][Sync] Loading: Edge Wallet
2026-03-26 05:28:30.074: [INFO][Sync] Loading: Edge Workspace
2026-03-26 05:28:30.091: [INFO][Sync] All data types are ready for configure.
2026-03-26 05:28:30.899: [INFO][Sync] Started DataTypeManager configuration, reason: 5
2026-03-26 05:28:30.899: [INFO][Sync] Configuring for: Bookmarks, Preferences, Passwords, Autofill Profiles, Autofill, Extensions, Sessions, Extension settings, History Delete Directives, Device Info, User Consents, Send Tab To Self, Web Apps, History, Saved Tab Group, WebAuthn Credentials, Collection, Edge E Drop, Edge Hub App Usage, Edge Wallet, Edge Workspace, Encryption Keys, reason: 5, current state: 1
2026-03-26 05:28:30.902: [INFO][SyncEngineBackend::DoStartConfiguration] Start configuration
2026-03-26 05:28:30.902: [INFO][SyncManagerImpl::NudgeForInitialDownload] Initial download nudge for Bookmarks
2026-03-26 05:28:30.903: [INFO][SyncManagerImpl::NudgeForInitialDownload] Initial download nudge for Preferences
2026-03-26 05:28:30.903: [INFO][SyncManagerImpl::NudgeForInitialDownload] Initial download nudge for Extensions
2026-03-26 05:28:30.903: [INFO][SyncManagerImpl::NudgeForInitialDownload] Initial download nudge for Sessions
2026-03-26 05:28:30.903: [INFO][SyncManagerImpl::NudgeForInitialDownload] Initial download nudge for Extension settings
2026-03-26 05:28:30.903: [INFO][SyncManagerImpl::NudgeForInitialDownload] Initial download nudge for History Delete Directives
2026-03-26 05:28:30.903: [INFO][SyncManagerImpl::NudgeForInitialDownload] Initial download nudge for Device Info
2026-03-26 05:28:30.903: [INFO][SyncManagerImpl::NudgeForInitialDownload] Initial download nudge for Send Tab To Self
2026-03-26 05:28:30.903: [INFO][SyncManagerImpl::NudgeForInitialDownload] Initial download nudge for Web Apps
2026-03-26 05:28:30.903: [INFO][SyncManagerImpl::NudgeForInitialDownload] Initial download nudge for History
2026-03-26 05:28:30.903: [INFO][SyncManagerImpl::NudgeForInitialDownload] Initial download nudge for Saved Tab Group
2026-03-26 05:28:30.903: [INFO][SyncManagerImpl::NudgeForInitialDownload] Initial download nudge for WebAuthn Credentials
2026-03-26 05:28:30.903: [INFO][SyncManagerImpl::NudgeForInitialDownload] Initial download nudge for Collection
2026-03-26 05:28:30.903: [INFO][SyncManagerImpl::NudgeForInitialDownload] Initial download nudge for Edge E Drop
2026-03-26 05:28:30.903: [INFO][SyncManagerImpl::NudgeForInitialDownload] Initial download nudge for Edge Hub App Usage
2026-03-26 05:28:30.903: [INFO][SyncManagerImpl::NudgeForInitialDownload] Initial download nudge for Edge Wallet
2026-03-26 05:28:30.903: [INFO][SyncManagerImpl::NudgeForInitialDownload] Initial download nudge for Edge Workspace
2026-03-26 05:28:30.903: [INFO][SyncManagerImpl::ConfigureSyncer] Types to download:  with reason: 4
2026-03-26 05:28:30.903: [INFO][SyncEngineBackend::DoFinishConfigureDataTypes] Failed to download types:  and succeeded types: 
2026-03-26 05:28:30.903: [INFO][Sync] ConfigurationDone, failed: , succeeded: , remaining count: 4
2026-03-26 05:28:30.903: [WARN][Sync]     Reconfigure requested while configuration ongoing.
2026-03-26 05:28:30.903: [INFO][Sync] Configuring for: Bookmarks, Preferences, Passwords, Autofill Profiles, Autofill, Extensions, Sessions, Extension settings, History Delete Directives, Device Info, User Consents, Send Tab To Self, Web Apps, History, Saved Tab Group, WebAuthn Credentials, Collection, Edge E Drop, Edge Hub App Usage, Edge Wallet, Edge Workspace, Encryption Keys, reason: 5, current state: 2
2026-03-26 05:28:30.903: [INFO][Sync] Configure, desired: Bookmarks, Preferences, Passwords, Autofill Profiles, Autofill, Extensions, Sessions, Extension settings, History Delete Directives, Device Info, User Consents, Send Tab To Self, Web Apps, History, Saved Tab Group, WebAuthn Credentials, Collection, Edge E Drop, Edge Hub App Usage, Edge Wallet, Edge Workspace, Encryption Keys; Allow fail: 
2026-03-26 05:28:30.903: [INFO][Sync] Loading: Passwords
2026-03-26 05:28:30.903: [INFO][Sync] Loading: Autofill Profiles
2026-03-26 05:28:30.903: [INFO][Sync] Loading: Autofill
2026-03-26 05:28:30.903: [INFO][Sync] All data types are ready for configure.
2026-03-26 05:28:30.903: [INFO][SyncManagerImpl::NudgeForInitialDownload] Initial download nudge for Passwords
2026-03-26 05:28:30.903: [INFO][SyncManagerImpl::NudgeForInitialDownload] Initial download nudge for Autofill Profiles
2026-03-26 05:28:30.903: [INFO][SyncManagerImpl::NudgeForInitialDownload] Initial download nudge for Autofill
2026-03-26 05:28:30.903: [INFO][SyncManagerImpl::ConfigureSyncer] Types to download:  with reason: 5
2026-03-26 05:28:30.903: [INFO][SyncEngineBackend::DoFinishConfigureDataTypes] Failed to download types:  and succeeded types: 
2026-03-26 05:28:30.903: [INFO][Sync] ConfigurationDone, failed: , succeeded: , remaining count: 4
2026-03-26 05:28:30.903: [INFO][Sync] Prepare to configure types: Preferences, Passwords, Device Info, Send Tab To Self, Edge E Drop, Encryption Keys
2026-03-26 05:28:30.903: [INFO][SyncManagerImpl::ConfigureSyncer] Types to download: Preferences, Passwords, Device Info, Send Tab To Self, Edge E Drop, Encryption Keys with reason: 5
2026-03-26 05:28:30.903: [INFO][SyncSchedulerImpl::DoConfigurationSyncCycleJob] Blocked types:  and types to download: Preferences, Passwords, Device Info, Send Tab To Self, Edge E Drop, Encryption Keys
2026-03-26 05:28:31.385: [INFO][SyncEngineBackend::DoFinishConfigureDataTypes] Failed to download types:  and succeeded types: Preferences, Passwords, Device Info, Send Tab To Self, Edge E Drop, Encryption Keys
2026-03-26 05:28:31.388: [INFO][Sync] ConfigurationDone, failed: , succeeded: Preferences, Passwords, Device Info, Send Tab To Self, Edge E Drop, Encryption Keys, remaining count: 3
2026-03-26 05:28:31.388: [INFO][Sync] Prepare to configure types: Bookmarks, Encryption Keys
2026-03-26 05:28:31.389: [INFO][SyncManagerImpl::ConfigureSyncer] Types to download: Bookmarks, Encryption Keys with reason: 5
2026-03-26 05:28:31.389: [INFO][SyncSchedulerImpl::DoConfigurationSyncCycleJob] Blocked types:  and types to download: Bookmarks, Encryption Keys
2026-03-26 05:28:31.624: [INFO][SyncEngineBackend::DoFinishConfigureDataTypes] Failed to download types:  and succeeded types: Bookmarks, Encryption Keys
2026-03-26 05:28:31.627: [INFO][Sync] ConfigurationDone, failed: , succeeded: Bookmarks, Encryption Keys, remaining count: 2
2026-03-26 05:28:31.627: [INFO][Sync] Prepare to configure types: Autofill Profiles, Autofill, Extensions, Sessions, Extension settings, History Delete Directives, Web Apps, Saved Tab Group, WebAuthn Credentials, Collection, Edge Hub App Usage, Edge Wallet, Edge Workspace, Encryption Keys
2026-03-26 05:28:31.627: [INFO][SyncManagerImpl::ConfigureSyncer] Types to download: Autofill Profiles, Autofill, Extensions, Sessions, Extension settings, History Delete Directives, Web Apps, Saved Tab Group, WebAuthn Credentials, Collection, Edge Hub App Usage, Edge Wallet, Edge Workspace, Encryption Keys with reason: 5
2026-03-26 05:28:31.627: [INFO][SyncSchedulerImpl::DoConfigurationSyncCycleJob] Blocked types:  and types to download: Autofill Profiles, Autofill, Extensions, Sessions, Extension settings, History Delete Directives, Web Apps, Saved Tab Group, WebAuthn Credentials, Collection, Edge Hub App Usage, Edge Wallet, Edge Workspace, Encryption Keys
2026-03-26 05:28:34.452: [INFO][SyncEngineBackend::DoFinishConfigureDataTypes] Failed to download types:  and succeeded types: Autofill Profiles, Autofill, Extensions, Sessions, Extension settings, History Delete Directives, Web Apps, Saved Tab Group, WebAuthn Credentials, Collection, Edge Hub App Usage, Edge Wallet, Edge Workspace, Encryption Keys
2026-03-26 05:28:34.455: [INFO][Sync] ConfigurationDone, failed: , succeeded: Autofill Profiles, Autofill, Extensions, Sessions, Extension settings, History Delete Directives, Web Apps, Saved Tab Group, WebAuthn Credentials, Collection, Edge Hub App Usage, Edge Wallet, Edge Workspace, Encryption Keys, remaining count: 1
2026-03-26 05:28:34.459: [INFO][Sync] Prepare to configure types: History, Encryption Keys
2026-03-26 05:28:34.459: [INFO][SyncManagerImpl::ConfigureSyncer] Types to download: History, Encryption Keys with reason: 5
2026-03-26 05:28:34.459: [INFO][SyncSchedulerImpl::DoConfigurationSyncCycleJob] Blocked types:  and types to download: History, Encryption Keys
2026-03-26 05:28:42.505: [INFO][SyncEngineBackend::DoFinishConfigureDataTypes] Failed to download types:  and succeeded types: History, Encryption Keys
2026-03-26 05:28:42.513: [INFO][Sync] ConfigurationDone, failed: , succeeded: History, Encryption Keys, remaining count: 0
2026-03-26 05:28:42.518: [INFO][Sync]     Configuration completed, state: 7
2026-03-26 05:28:42.519: [INFO][Sync] Configured DataTypeManager: Ok
2026-03-26 05:28:42.526: [INFO][SyncEngineBackend::DoStartSyncing] Start syncing
2026-03-26 06:35:44.628: [INFO][Sync] Reset engine, reason: 0
2026-03-26 06:35:44.628: [INFO][Sync] Reset engine with reason: 0
2026-03-26 06:36:47.800: [INFO][Sync] SyncState after authenticated was: FeatureCanStart
2026-03-26 06:36:50.344: [INFO][SyncAuthManager::SetLastAuthError] Current auth error: None
2026-03-26 06:36:50.345: [INFO][SyncAuthManager::EdgeLogTokenErrorState] Token error with: None for account type: MSA
2026-03-26 06:36:50.345: [INFO][Sync] Credentials changed for: EdgeSyncKeyDataScope
2026-03-26 06:36:57.925: [INFO][Sync] Try to start sync engine
2026-03-26 06:36:57.927: [INFO][SyncManagerImpl::NudgeForInitialDownload] Initial download nudge for Encryption Keys
2026-03-26 06:36:57.927: [INFO][SyncEngineBackend::LoadAndConnectNigoriController] Load and connect Nigori controller
2026-03-26 06:36:57.927: [INFO][SyncEngineBackend::DoInitialize] Control Types added: Encryption Keys
2026-03-26 06:36:57.927: [INFO][SyncManagerImpl::ConfigureSyncer] Types to download: Encryption Keys with reason: 3
2026-03-26 06:36:57.927: [INFO][SyncEngineBackend::DoUpdateKeyDataCredentials] Update key data credentials
2026-03-26 06:36:57.927: [INFO][SyncSchedulerImpl::DoConfigurationSyncCycleJob] Configure job was blocked
2026-03-26 06:36:57.933: [INFO][SyncAuthManager::SetLastAuthError] Current auth error: None
2026-03-26 06:36:57.933: [INFO][SyncAuthManager::EdgeLogTokenErrorState] Token error with: None for account type: MSA
2026-03-26 06:36:57.933: [INFO][Sync] Credentials changed for: EdgeSyncScopeNew
2026-03-26 06:36:57.933: [INFO][SyncEngineBackend::DoUpdateCredentials] Update credentials
2026-03-26 06:36:57.933: [INFO][SyncEngineBackend::DoUpdateKeyDataCredentials] Update key data credentials
2026-03-26 06:36:57.933: [INFO][SyncSchedulerImpl::DoConfigurationSyncCycleJob] Blocked types:  and types to download: Encryption Keys
2026-03-26 06:36:58.335: [INFO][Sync] Started DataTypeManager configuration, reason: 4
2026-03-26 06:36:58.335: [INFO][Sync] Configuring for: Bookmarks, Preferences, Passwords, Autofill Profiles, Autofill, Extensions, Sessions, Extension settings, History Delete Directives, Device Info, User Consents, Send Tab To Self, Web Apps, History, Saved Tab Group, WebAuthn Credentials, Collection, Edge E Drop, Edge Hub App Usage, Edge Wallet, Edge Workspace, Encryption Keys, reason: 4, current state: 0
2026-03-26 06:36:58.335: [WARN][Sync] Crypto error data types: Passwords, Autofill Profiles, Autofill
2026-03-26 06:36:58.337: [INFO][Sync] Configure, desired: Bookmarks, Preferences, Extensions, Sessions, Extension settings, History Delete Directives, Device Info, User Consents, Send Tab To Self, Web Apps, History, Saved Tab Group, WebAuthn Credentials, Collection, Edge E Drop, Edge Hub App Usage, Edge Wallet, Edge Workspace, Encryption Keys; Allow fail: Passwords, Autofill Profiles, Autofill
2026-03-26 06:36:58.337: [INFO][Sync] Loading: Bookmarks
2026-03-26 06:36:58.337: [INFO][Sync] Loading: Preferences
2026-03-26 06:36:58.337: [INFO][Sync] Loading: Extensions
2026-03-26 06:36:58.337: [INFO][Sync] Loading: Sessions
2026-03-26 06:36:58.337: [INFO][Sync] Loading: Extension settings
2026-03-26 06:36:58.337: [INFO][Sync] Loading: History Delete Directives
2026-03-26 06:36:58.337: [INFO][Sync] Loading: Device Info
2026-03-26 06:36:58.337: [INFO][Sync] Loading: User Consents
2026-03-26 06:36:58.337: [INFO][Sync] Loading: Send Tab To Self
2026-03-26 06:36:58.337: [INFO][Sync] Loading: Web Apps
2026-03-26 06:36:58.337: [INFO][Sync] Loading: History
2026-03-26 06:36:58.337: [INFO][Sync] Loading: Saved Tab Group
2026-03-26 06:36:58.338: [INFO][Sync] Loading: WebAuthn Credentials
2026-03-26 06:36:58.338: [INFO][Sync] Loading: Collection
2026-03-26 06:36:58.338: [INFO][Sync] Loading: Edge E Drop
2026-03-26 06:36:58.338: [INFO][Sync] Loading: Edge Hub App Usage
2026-03-26 06:36:58.338: [INFO][Sync] Loading: Edge Wallet
2026-03-26 06:36:58.338: [INFO][Sync] Loading: Edge Workspace
2026-03-26 06:36:58.347: [INFO][Sync] All data types are ready for configure.
2026-03-26 06:36:59.326: [INFO][Sync] Started DataTypeManager configuration, reason: 5
2026-03-26 06:36:59.326: [INFO][Sync] Configuring for: Bookmarks, Preferences, Passwords, Autofill Profiles, Autofill, Extensions, Sessions, Extension settings, History Delete Directives, Device Info, User Consents, Send Tab To Self, Web Apps, History, Saved Tab Group, WebAuthn Credentials, Collection, Edge E Drop, Edge Hub App Usage, Edge Wallet, Edge Workspace, Encryption Keys, reason: 5, current state: 1
2026-03-26 06:36:59.328: [INFO][SyncEngineBackend::DoStartConfiguration] Start configuration
2026-03-26 06:36:59.329: [INFO][SyncManagerImpl::ConfigureSyncer] Types to download:  with reason: 4
2026-03-26 06:36:59.329: [INFO][SyncEngineBackend::DoFinishConfigureDataTypes] Failed to download types:  and succeeded types: 
2026-03-26 06:36:59.329: [INFO][Sync] ConfigurationDone, failed: , succeeded: , remaining count: 4
2026-03-26 06:36:59.329: [WARN][Sync]     Reconfigure requested while configuration ongoing.
2026-03-26 06:36:59.329: [INFO][Sync] Configuring for: Bookmarks, Preferences, Passwords, Autofill Profiles, Autofill, Extensions, Sessions, Extension settings, History Delete Directives, Device Info, User Consents, Send Tab To Self, Web Apps, History, Saved Tab Group, WebAuthn Credentials, Collection, Edge E Drop, Edge Hub App Usage, Edge Wallet, Edge Workspace, Encryption Keys, reason: 5, current state: 2
2026-03-26 06:36:59.329: [INFO][Sync] Configure, desired: Bookmarks, Preferences, Passwords, Autofill Profiles, Autofill, Extensions, Sessions, Extension settings, History Delete Directives, Device Info, User Consents, Send Tab To Self, Web Apps, History, Saved Tab Group, WebAuthn Credentials, Collection, Edge E Drop, Edge Hub App Usage, Edge Wallet, Edge Workspace, Encryption Keys; Allow fail: 
2026-03-26 06:36:59.329: [INFO][Sync] Loading: Passwords
2026-03-26 06:36:59.329: [INFO][Sync] Loading: Autofill Profiles
2026-03-26 06:36:59.329: [INFO][Sync] Loading: Autofill
2026-03-26 06:36:59.329: [INFO][Sync] All data types are ready for configure.
2026-03-26 06:36:59.329: [INFO][SyncManagerImpl::NudgeForInitialDownload] Initial download nudge for Passwords
2026-03-26 06:36:59.329: [INFO][SyncManagerImpl::ConfigureSyncer] Types to download:  with reason: 5
2026-03-26 06:36:59.329: [INFO][SyncEngineBackend::DoFinishConfigureDataTypes] Failed to download types:  and succeeded types: 
2026-03-26 06:36:59.329: [INFO][Sync] ConfigurationDone, failed: , succeeded: , remaining count: 4
2026-03-26 06:36:59.329: [INFO][Sync] Prepare to configure types: Passwords, Encryption Keys
2026-03-26 06:36:59.329: [INFO][SyncManagerImpl::ConfigureSyncer] Types to download: Passwords, Encryption Keys with reason: 5
2026-03-26 06:36:59.329: [INFO][SyncSchedulerImpl::DoConfigurationSyncCycleJob] Blocked types:  and types to download: Passwords, Encryption Keys
2026-03-26 06:36:59.654: [INFO][SyncEngineBackend::DoFinishConfigureDataTypes] Failed to download types:  and succeeded types: Passwords, Encryption Keys
2026-03-26 06:36:59.657: [INFO][Sync] ConfigurationDone, failed: , succeeded: Passwords, Encryption Keys, remaining count: 3
2026-03-26 06:36:59.657: [INFO][SyncManagerImpl::ConfigureSyncer] Types to download:  with reason: 5
2026-03-26 06:36:59.657: [INFO][SyncEngineBackend::DoFinishConfigureDataTypes] Failed to download types:  and succeeded types: 
2026-03-26 06:36:59.657: [INFO][Sync] ConfigurationDone, failed: , succeeded: , remaining count: 2
2026-03-26 06:36:59.657: [INFO][SyncManagerImpl::ConfigureSyncer] Types to download:  with reason: 5
2026-03-26 06:36:59.657: [INFO][SyncEngineBackend::DoFinishConfigureDataTypes] Failed to download types:  and succeeded types: 
2026-03-26 06:36:59.662: [INFO][Sync] ConfigurationDone, failed: , succeeded: , remaining count: 1
2026-03-26 06:36:59.664: [INFO][SyncManagerImpl::ConfigureSyncer] Types to download:  with reason: 5
2026-03-26 06:36:59.664: [INFO][SyncEngineBackend::DoFinishConfigureDataTypes] Failed to download types:  and succeeded types: 
2026-03-26 06:36:59.665: [INFO][Sync] ConfigurationDone, failed: , succeeded: , remaining count: 0
2026-03-26 06:36:59.668: [INFO][Sync]     Configuration completed, state: 7
2026-03-26 06:36:59.669: [INFO][Sync] Configured DataTypeManager: Ok
2026-03-26 06:36:59.672: [INFO][SyncEngineBackend::DoStartSyncing] Start syncing
2026-03-26 07:00:58.646: [INFO][Sync] Reset engine, reason: 0
2026-03-26 07:00:58.646: [INFO][Sync] Reset engine with reason: 0
